[  0%] Built target std_msgs_generate_messages_nodejs
[  0%] Built target std_msgs_generate_messages_py
[  1%] Built target sdf
[  1%] Built target std_msgs_generate_messages_eus
[  1%] Built target sensor_msgs_generate_messages_py
[  6%] Built target std_msgs_generate_messages_cpp
[  9%] Built target models_gen
[  9%] Built target sensor_msgs_generate_messages_cpp
[  9%] Built target std_msgs_generate_messages_lisp
[  9%] Built target sensor_msgs_generate_messages_eus
[  9%] Built target sensor_msgs_generate_messages_lisp
[  9%] Built target sensor_msgs_generate_messages_nodejs
[ 11%] Built target nav_msgs
[ 12%] Built target klt_feature_tracker
[ 16%] Built target physics_msgs
[ 19%] Built target std_msgs
[ 37%] Built target sensor_msgs
[ 43%] Built target mav_msgs
[ 43%] Built target _klt_feature_tracker_generate_messages_check_deps_TrackFeatures
[ 49%] Built target OpticalFlow
[ 51%] Built target klt_feature_tracker_generate_messages_eus
[ 52%] Built target klt_feature_tracker_generate_messages_cpp
[ 55%] Built target klt_feature_tracker_generate_messages_lisp
[ 55%] Built target klt_feature_tracker_generate_messages_py
[ 56%] Built target klt_feature_tracker_generate_messages_nodejs
[ 58%] Built target gazebo_irlock_plugin
[ 59%] Built target LiftDragPlugin
[ 63%] Built target gazebo_magnetometer_plugin
[ 65%] Built target gazebo_uuv_plugin
[ 70%] Built target gazebo_video_stream_widget
[ 71%] Built target gazebo_sonar_plugin
[ 71%] Built target klt_feature_tracker_generate_messages
[ 72%] Built target gazebo_motor_model
[ 75%] Built target gazebo_vision_plugin
[ 75%] Built target gazebo_gps_plugin
[ 77%] Built target feature_tracker_node
[ 79%] Built target gazebo_barometer_plugin
[ 81%] Built target gazebo_multirotor_base_plugin
[ 83%] Built target gazebo_wind_plugin
[ 86%] Built target gazebo_opticalflow_plugin
[ 88%] Built target gazebo_gst_camera_plugin
[ 90%] Built target gazebo_imu_plugin
[ 91%] Built target gazebo_geotagged_images_plugin
[ 94%] Built target gazebo_gimbal_controller_plugin
[ 95%] Built target gazebo_lidar_plugin
[ 97%] Built target gazebo_controller_interface
[100%] Built target gazebo_mavlink_interface
