[  0%] Built target std_msgs_generate_messages_py
[  0%] Built target std_msgs_generate_messages_cpp
[  0%] Built target std_msgs_generate_messages_lisp
[  0%] Built target sensor_msgs_generate_messages_eus
[  0%] Built target sensor_msgs_generate_messages_cpp
[  0%] Built target std_msgs_generate_messages_eus
[  0%] Built target std_msgs_generate_messages_nodejs
[  0%] Built target sensor_msgs_generate_messages_nodejs
[  0%] Built target sensor_msgs_generate_messages_py
[  0%] Built target sensor_msgs_generate_messages_lisp
[  4%] Built target sdf
[  9%] Built target models_gen
[ 12%] Built target std_msgs
[ 18%] Built target mav_msgs
[ 21%] Built target physics_msgs
[ 40%] Built target sensor_msgs
[ 40%] Built target _klt_feature_tracker_generate_messages_check_deps_TrackFeatures
[ 42%] Built target nav_msgs
[ 44%] Built target klt_feature_tracker_generate_messages_cpp
[ 44%] Built target klt_feature_tracker_generate_messages_py
[ 48%] Built target klt_feature_tracker_generate_messages_nodejs
[ 48%] Built target klt_feature_tracker_generate_messages_eus
[ 49%] Built target klt_feature_tracker_generate_messages_lisp
[ 49%] Built target klt_feature_tracker_generate_messages
[ 51%] Built target gazebo_gimbal_controller_plugin
[ 56%] Built target gazebo_video_stream_widget
[ 58%] Built target gazebo_gps_plugin
[ 63%] Built target gazebo_multirotor_base_plugin
[ 63%] Built target gazebo_controller_interface
[ 64%] Built target gazebo_sonar_plugin
[ 65%] Built target LiftDragPlugin
[ 68%] Built target gazebo_irlock_plugin
[ 70%] Built target gazebo_barometer_plugin
[ 71%] Built target gazebo_motor_model
[ 73%] Built target gazebo_mavlink_interface
[ 75%] Built target gazebo_wind_plugin
[ 78%] Built target gazebo_imu_plugin
[ 79%] Built target gazebo_lidar_plugin
[ 81%] Built target gazebo_uuv_plugin
[ 82%] Built target gazebo_vision_plugin
[ 86%] Built target gazebo_magnetometer_plugin
[ 88%] Built target gazebo_gst_camera_plugin
[ 89%] Built target klt_feature_tracker
[ 90%] Built target gazebo_geotagged_images_plugin
[ 91%] Built target feature_tracker_node
[ 97%] Built target OpticalFlow
[100%] Built target gazebo_opticalflow_plugin
