[  0%] Built target std_msgs_generate_messages_eus
[  1%] Built target sdf
[  1%] Built target std_msgs_generate_messages_cpp
[  1%] Built target std_msgs_generate_messages_lisp
[  1%] Built target sensor_msgs_generate_messages_cpp
[  1%] Built target sensor_msgs_generate_messages_py
[  1%] Built target std_msgs_generate_messages_py
[  1%] Built target sensor_msgs_generate_messages_eus
[  1%] Built target sensor_msgs_generate_messages_lisp
[  9%] Built target models_gen
[  9%] Built target std_msgs_generate_messages_nodejs
[  9%] Built target sensor_msgs_generate_messages_nodejs
[ 10%] Built target klt_feature_tracker
[ 28%] Built target sensor_msgs
[ 31%] Built target nav_msgs
[ 34%] Built target std_msgs
[ 40%] Built target mav_msgs
[ 43%] Built target physics_msgs
[ 43%] Built target _klt_feature_tracker_generate_messages_check_deps_TrackFeatures
[ 49%] Built target OpticalFlow
[ 50%] Built target klt_feature_tracker_generate_messages_cpp
[ 51%] Built target klt_feature_tracker_generate_messages_py
[ 52%] Built target klt_feature_tracker_generate_messages_lisp
[ 54%] Built target klt_feature_tracker_generate_messages_nodejs
[ 56%] Built target klt_feature_tracker_generate_messages_eus
[ 57%] Built target LiftDragPlugin
[ 59%] Built target gazebo_gst_camera_plugin
[ 62%] Built target gazebo_gimbal_controller_plugin
[ 63%] Built target gazebo_geotagged_images_plugin
[ 67%] Built target gazebo_wind_plugin
[ 67%] Built target gazebo_uuv_plugin
[ 73%] Built target gazebo_motor_model
[ 73%] Built target gazebo_vision_plugin
[ 73%] Built target gazebo_sonar_plugin
[ 75%] Built target gazebo_irlock_plugin
[ 75%] Built target gazebo_multirotor_base_plugin
[ 78%] Built target gazebo_gps_plugin
[ 79%] Built target gazebo_lidar_plugin
[ 81%] Built target gazebo_barometer_plugin
[ 83%] Built target gazebo_controller_interface
[ 86%] Built target gazebo_mavlink_interface
[ 86%] Built target klt_feature_tracker_generate_messages
[ 90%] Built target gazebo_imu_plugin
[ 91%] Built target gazebo_magnetometer_plugin
[ 93%] Built target feature_tracker_node
[ 95%] Built target gazebo_opticalflow_plugin
[100%] Built target gazebo_video_stream_widget
