[  1%] Built target sdf
[  9%] Built target models_gen
[  9%] Built target sensor_msgs_generate_messages_eus
[ 11%] Built target nav_msgs
[ 11%] Built target _klt_feature_tracker_generate_messages_check_deps_TrackFeatures
[ 11%] Built target sensor_msgs_generate_messages_nodejs
[ 11%] Built target std_msgs_generate_messages_py
[ 11%] Built target std_msgs_generate_messages_cpp
[ 11%] Built target std_msgs_generate_messages_eus
[ 12%] Built target klt_feature_tracker
[ 16%] Built target std_msgs
[ 16%] Built target std_msgs_generate_messages_lisp
[ 16%] Built target sensor_msgs_generate_messages_cpp
[ 21%] Built target OpticalFlow
[ 21%] Built target sensor_msgs_generate_messages_py
[ 21%] Built target std_msgs_generate_messages_nodejs
[ 21%] Built target sensor_msgs_generate_messages_lisp
[ 24%] Built target klt_feature_tracker_generate_messages_eus
[ 25%] Built target klt_feature_tracker_generate_messages_nodejs
[ 26%] Built target klt_feature_tracker_generate_messages_py
[ 29%] Built target physics_msgs
[ 31%] Built target klt_feature_tracker_generate_messages_lisp
[ 32%] Built target klt_feature_tracker_generate_messages_cpp
[ 40%] Built target mav_msgs
[ 56%] Built target sensor_msgs
[ 56%] Built target klt_feature_tracker_generate_messages
[ 57%] Built target feature_tracker_node
[ 58%] Built target LiftDragPlugin
[ 60%] Built target gazebo_gst_camera_plugin
[ 63%] Built target gazebo_barometer_plugin
[ 65%] Built target gazebo_wind_plugin
[ 68%] Built target gazebo_magnetometer_plugin
[ 71%] Built target gazebo_gps_plugin
[ 72%] Built target gazebo_geotagged_images_plugin
[ 73%] Built target gazebo_sonar_plugin
[ 75%] Built target gazebo_irlock_plugin
[ 77%] Built target gazebo_lidar_plugin
[ 81%] Built target gazebo_video_stream_widget
[ 83%] Built target gazebo_controller_interface
[ 86%] Built target gazebo_opticalflow_plugin
[ 88%] Built target gazebo_uuv_plugin
[ 90%] Built target gazebo_mavlink_interface
[ 91%] Built target gazebo_vision_plugin
[ 94%] Built target gazebo_multirotor_base_plugin
[ 96%] Built target gazebo_gimbal_controller_plugin
[ 98%] Built target gazebo_imu_plugin
[100%] Built target gazebo_motor_model
