[  1%] Built target sdf
[  1%] Built target sensor_msgs_generate_messages_py
[  9%] Built target models_gen
[  9%] Built target std_msgs_generate_messages_eus
[  9%] Built target std_msgs_generate_messages_lisp
[  9%] Built target sensor_msgs_generate_messages_lisp
[  9%] Built target std_msgs_generate_messages_py
[  9%] Built target sensor_msgs_generate_messages_nodejs
[  9%] Built target sensor_msgs_generate_messages_eus
[  9%] Built target std_msgs_generate_messages_nodejs
[  9%] Built target std_msgs_generate_messages_cpp
[  9%] Built target sensor_msgs_generate_messages_cpp
[ 17%] Built target nav_msgs
[ 18%] Built target physics_msgs
[ 18%] Built target std_msgs
[ 24%] Built target mav_msgs
[ 25%] Built target klt_feature_tracker
[ 43%] Built target sensor_msgs
[ 49%] Built target OpticalFlow
[ 51%] Built target gazebo_barometer_plugin
[ 54%] Built target gazebo_multirotor_base_plugin
[ 55%] Built target gazebo_sonar_plugin
[ 58%] Built target LiftDragPlugin
[ 58%] Built target gazebo_imu_plugin
[ 59%] Built target gazebo_vision_plugin
[ 64%] Built target gazebo_uuv_plugin
[ 64%] Built target gazebo_lidar_plugin
[ 64%] Built target gazebo_motor_model
[ 66%] Built target gazebo_gps_plugin
[ 68%] Built target gazebo_mavlink_interface
[ 70%] Built target gazebo_geotagged_images_plugin
[ 72%] Built target gazebo_controller_interface
[ 74%] Built target gazebo_wind_plugin
[ 74%] Built target _klt_feature_tracker_generate_messages_check_deps_TrackFeatures
[ 77%] Built target gazebo_irlock_plugin
[ 79%] Built target gazebo_gimbal_controller_plugin
[ 83%] Built target gazebo_video_stream_widget
[ 87%] Built target gazebo_magnetometer_plugin
[ 89%] Built target gazebo_gst_camera_plugin
[ 91%] Built target klt_feature_tracker_generate_messages_eus
[ 93%] Built target klt_feature_tracker_generate_messages_nodejs
[ 94%] Built target klt_feature_tracker_generate_messages_cpp
[ 95%] Built target klt_feature_tracker_generate_messages_py
[ 96%] Built target klt_feature_tracker_generate_messages_lisp
[ 98%] Built target gazebo_opticalflow_plugin
[ 98%] Built target klt_feature_tracker_generate_messages
[100%] Built target feature_tracker_node
