[  8%] Built target sensor_msgs_generate_messages_nodejs
[  8%] Built target models_gen
[  8%] Built target sensor_msgs_generate_messages_eus
[  8%] Built target std_msgs_generate_messages_py
[  9%] Built target sdf
[  9%] Built target std_msgs_generate_messages_lisp
[ 11%] Built target nav_msgs
[ 11%] Built target sensor_msgs_generate_messages_cpp
[ 11%] Built target std_msgs_generate_messages_eus
[ 29%] Built target sensor_msgs
[ 36%] Built target physics_msgs
[ 36%] Built target std_msgs
[ 42%] Built target mav_msgs
[ 42%] Built target std_msgs_generate_messages_nodejs
[ 42%] Built target sensor_msgs_generate_messages_py
[ 42%] Built target sensor_msgs_generate_messages_lisp
[ 42%] Built target std_msgs_generate_messages_cpp
[ 43%] Built target klt_feature_tracker
[ 43%] Built target _klt_feature_tracker_generate_messages_check_deps_TrackFeatures
[ 49%] Built target OpticalFlow
[ 51%] Built target klt_feature_tracker_generate_messages_eus
[ 52%] Built target klt_feature_tracker_generate_messages_nodejs
[ 54%] Built target klt_feature_tracker_generate_messages_lisp
[ 55%] Built target klt_feature_tracker_generate_messages_py
[ 56%] Built target klt_feature_tracker_generate_messages_cpp
[ 56%] Built target klt_feature_tracker_generate_messages
[ 57%] Built target feature_tracker_node
[ 59%] Built target gazebo_gimbal_controller_plugin
[ 60%] Built target LiftDragPlugin
[ 63%] Built target gazebo_wind_plugin
[ 67%] Built target gazebo_irlock_plugin
[ 67%] Built target gazebo_vision_plugin
[ 71%] Built target gazebo_controller_interface
[ 71%] Built target gazebo_gps_plugin
[ 73%] Built target gazebo_barometer_plugin
[ 74%] Built target gazebo_sonar_plugin
[ 77%] Built target gazebo_geotagged_images_plugin
[ 78%] Built target gazebo_opticalflow_plugin
[ 81%] Built target gazebo_magnetometer_plugin
[ 82%] Built target gazebo_lidar_plugin
[ 85%] Built target gazebo_uuv_plugin
[ 86%] Built target gazebo_motor_model
[ 88%] Built target gazebo_mavlink_interface
[ 90%] Built target gazebo_gst_camera_plugin
[ 93%] Built target gazebo_imu_plugin
[ 95%] Built target gazebo_multirotor_base_plugin
[100%] Built target gazebo_video_stream_widget
