[  0%] Built target std_msgs_generate_messages_py
[  8%] Built target sensor_msgs_generate_messages_eus
[  8%] Built target models_gen
[  8%] Built target sensor_msgs_generate_messages_cpp
[  8%] Built target sensor_msgs_generate_messages_py
[  9%] Built target sdf
[  9%] Built target std_msgs_generate_messages_eus
[  9%] Built target sensor_msgs_generate_messages_lisp
[  9%] Built target std_msgs_generate_messages_nodejs
[  9%] Built target std_msgs_generate_messages_lisp
[  9%] Built target sensor_msgs_generate_messages_nodejs
[  9%] Built target std_msgs_generate_messages_cpp
[ 19%] Built target nav_msgs
[ 20%] Built target std_msgs
[ 20%] Built target mav_msgs
[ 24%] Built target physics_msgs
[ 42%] Built target sensor_msgs
[ 43%] Built target klt_feature_tracker
[ 43%] Built target _klt_feature_tracker_generate_messages_check_deps_TrackFeatures
[ 49%] Built target OpticalFlow
[ 51%] Built target gazebo_irlock_plugin
[ 52%] Built target LiftDragPlugin
[ 56%] Built target gazebo_sonar_plugin
[ 56%] Built target gazebo_gimbal_controller_plugin
[ 58%] Built target klt_feature_tracker_generate_messages_eus
[ 59%] Built target klt_feature_tracker_generate_messages_cpp
[ 60%] Built target klt_feature_tracker_generate_messages_nodejs
[ 63%] Built target klt_feature_tracker_generate_messages_py
[ 63%] Built target klt_feature_tracker_generate_messages_lisp
[ 65%] Built target gazebo_wind_plugin
[ 67%] Built target gazebo_multirotor_base_plugin
[ 72%] Built target gazebo_imu_plugin
[ 72%] Built target gazebo_mavlink_interface
[ 74%] Built target gazebo_barometer_plugin
[ 77%] Built target gazebo_uuv_plugin
[ 78%] Built target gazebo_lidar_plugin
[ 82%] Built target gazebo_video_stream_widget
[ 85%] Built target gazebo_gst_camera_plugin
[ 87%] Built target gazebo_controller_interface
[ 93%] Built target gazebo_gps_plugin
[ 93%] Built target gazebo_magnetometer_plugin
[ 94%] Built target gazebo_motor_model
[ 94%] Built target klt_feature_tracker_generate_messages
[ 96%] Built target gazebo_geotagged_images_plugin
[ 96%] Built target gazebo_vision_plugin
[ 97%] Built target feature_tracker_node
[100%] Built target gazebo_opticalflow_plugin
