[  1%] Built target sdf
[  9%] Built target models_gen
[  9%] Built target sensor_msgs_generate_messages_nodejs
[  9%] Built target std_msgs_generate_messages_nodejs
[  9%] Built target sensor_msgs_generate_messages_py
[  9%] Built target std_msgs_generate_messages_cpp
[  9%] Built target sensor_msgs_generate_messages_lisp
[  9%] Built target std_msgs_generate_messages_lisp
[  9%] Built target std_msgs_generate_messages_eus
[ 12%] Built target std_msgs
[ 12%] Built target sensor_msgs_generate_messages_eus
[ 12%] Built target std_msgs_generate_messages_py
[ 16%] Built target physics_msgs
[ 18%] Built target nav_msgs
[ 18%] Built target sensor_msgs_generate_messages_cpp
[ 21%] Built target klt_feature_tracker
[ 37%] Built target sensor_msgs
[ 43%] Built target mav_msgs
[ 43%] Built target _klt_feature_tracker_generate_messages_check_deps_TrackFeatures
[ 49%] Built target OpticalFlow
[ 51%] Built target gazebo_gps_plugin
[ 54%] Built target gazebo_mavlink_interface
[ 55%] Built target gazebo_sonar_plugin
[ 57%] Built target gazebo_uuv_plugin
[ 59%] Built target gazebo_barometer_plugin
[ 62%] Built target gazebo_wind_plugin
[ 64%] Built target gazebo_gst_camera_plugin
[ 65%] Built target LiftDragPlugin
[ 67%] Built target gazebo_multirotor_base_plugin
[ 72%] Built target gazebo_video_stream_widget
[ 73%] Built target gazebo_vision_plugin
[ 74%] Built target klt_feature_tracker_generate_messages_cpp
[ 77%] Built target klt_feature_tracker_generate_messages_eus
[ 79%] Built target klt_feature_tracker_generate_messages_lisp
[ 79%] Built target klt_feature_tracker_generate_messages_nodejs
[ 80%] Built target klt_feature_tracker_generate_messages_py
[ 81%] Built target gazebo_motor_model
[ 83%] Built target gazebo_gimbal_controller_plugin
[ 86%] Built target gazebo_irlock_plugin
[ 88%] Built target gazebo_controller_interface
[ 88%] Built target klt_feature_tracker_generate_messages
[ 90%] Built target gazebo_imu_plugin
[ 93%] Built target gazebo_opticalflow_plugin
[ 97%] Built target gazebo_geotagged_images_plugin
[ 97%] Built target feature_tracker_node
[ 98%] Built target gazebo_magnetometer_plugin
[100%] Built target gazebo_lidar_plugin
