[  0%] Built target std_msgs_generate_messages_py
[  1%] Built target sdf
[  9%] Built target models_gen
[  9%] Built target sensor_msgs_generate_messages_py
[  9%] Built target sensor_msgs_generate_messages_cpp
[  9%] Built target std_msgs_generate_messages_cpp
[  9%] Built target std_msgs_generate_messages_eus
[  9%] Built target std_msgs_generate_messages_nodejs
[  9%] Built target sensor_msgs_generate_messages_nodejs
[  9%] Built target sensor_msgs_generate_messages_eus
[  9%] Built target sensor_msgs_generate_messages_lisp
[  9%] Built target std_msgs_generate_messages_lisp
[ 14%] Built target mav_msgs
[ 16%] Built target klt_feature_tracker
[ 19%] Built target physics_msgs
[ 21%] Built target nav_msgs
[ 25%] Built target std_msgs
[ 43%] Built target sensor_msgs
[ 43%] Built target _klt_feature_tracker_generate_messages_check_deps_TrackFeatures
[ 49%] Built target OpticalFlow
[ 50%] Built target gazebo_vision_plugin
[ 51%] Built target gazebo_lidar_plugin
[ 54%] Built target gazebo_irlock_plugin
[ 55%] Built target gazebo_motor_model
[ 57%] Built target gazebo_gps_plugin
[ 58%] Built target klt_feature_tracker_generate_messages_cpp
[ 59%] Built target klt_feature_tracker_generate_messages_py
[ 62%] Built target gazebo_imu_plugin
[ 63%] Built target klt_feature_tracker_generate_messages_nodejs
[ 64%] Built target gazebo_sonar_plugin
[ 66%] Built target klt_feature_tracker_generate_messages_eus
[ 68%] Built target gazebo_controller_interface
[ 70%] Built target klt_feature_tracker_generate_messages_lisp
[ 72%] Built target gazebo_wind_plugin
[ 74%] Built target gazebo_gimbal_controller_plugin
[ 77%] Built target gazebo_barometer_plugin
[ 80%] Built target gazebo_magnetometer_plugin
[ 82%] Built target gazebo_mavlink_interface
[ 85%] Built target gazebo_multirotor_base_plugin
[ 87%] Built target gazebo_uuv_plugin
[ 87%] Built target klt_feature_tracker_generate_messages
[ 88%] Built target LiftDragPlugin
[ 90%] Built target gazebo_gst_camera_plugin
[ 91%] Built target feature_tracker_node
[ 94%] Built target gazebo_opticalflow_plugin
[ 98%] Built target gazebo_video_stream_widget
[100%] Built target gazebo_geotagged_images_plugin
