[  0%] Built target std_msgs_generate_messages_cpp
[  0%] Built target sensor_msgs_generate_messages_py
[  0%] Built target std_msgs_generate_messages_lisp
[  0%] Built target sensor_msgs_generate_messages_nodejs
[  0%] Built target sensor_msgs_generate_messages_lisp
[  0%] Built target sensor_msgs_generate_messages_eus
[  0%] Built target std_msgs_generate_messages_py
[  0%] Built target sensor_msgs_generate_messages_cpp
[  8%] Built target models_gen
[  9%] Built target sdf
[  9%] Built target std_msgs_generate_messages_nodejs
[  9%] Built target std_msgs_generate_messages_eus
[ 12%] Built target physics_msgs
[ 16%] Built target std_msgs
[ 21%] Built target mav_msgs
[ 22%] Built target klt_feature_tracker
[ 22%] Built target _klt_feature_tracker_generate_messages_check_deps_TrackFeatures
[ 24%] Built target klt_feature_tracker_generate_messages_nodejs
[ 25%] Built target klt_feature_tracker_generate_messages_lisp
[ 26%] Built target klt_feature_tracker_generate_messages_py
[ 28%] Built target klt_feature_tracker_generate_messages_eus
[ 31%] Built target nav_msgs
[ 32%] Built target klt_feature_tracker_generate_messages_cpp
[ 37%] Built target OpticalFlow
[ 56%] Built target sensor_msgs
[ 56%] Built target klt_feature_tracker_generate_messages
[ 57%] Built target feature_tracker_node
[ 58%] Built target LiftDragPlugin
[ 60%] Built target gazebo_imu_plugin
[ 62%] Built target gazebo_vision_plugin
[ 64%] Built target gazebo_uuv_plugin
[ 65%] Built target gazebo_geotagged_images_plugin
[ 67%] Built target gazebo_mavlink_interface
[ 70%] Built target gazebo_wind_plugin
[ 72%] Built target gazebo_gst_camera_plugin
[ 73%] Built target gazebo_motor_model
[ 75%] Built target gazebo_barometer_plugin
[ 78%] Built target gazebo_gimbal_controller_plugin
[ 80%] Built target gazebo_gps_plugin
[ 81%] Built target gazebo_lidar_plugin
[ 85%] Built target gazebo_sonar_plugin
[ 85%] Built target gazebo_irlock_plugin
[ 87%] Built target gazebo_opticalflow_plugin
[ 89%] Built target gazebo_controller_interface
[ 93%] Built target gazebo_magnetometer_plugin
[ 95%] Built target gazebo_multirotor_base_plugin
[100%] Built target gazebo_video_stream_widget
