Determining if the pthread_create exist failed with the following output:
Change Dir: /root/catkin_ws/build/learning_tf2/CMakeFiles/CMakeTmp

Run Build Command:"/usr/bin/make" "cmTC_391be/fast"
/usr/bin/make -f CMakeFiles/cmTC_391be.dir/build.make CMakeFiles/cmTC_391be.dir/build
make[1]: Entering directory '/root/catkin_ws/build/learning_tf2/CMakeFiles/CMakeTmp'
Building C object CMakeFiles/cmTC_391be.dir/CheckSymbolExists.c.o
/usr/bin/cc     -o CMakeFiles/cmTC_391be.dir/CheckSymbolExists.c.o   -c /root/catkin_ws/build/learning_tf2/CMakeFiles/CMakeTmp/CheckSymbolExists.c
Linking C executable cmTC_391be
/usr/bin/cmake -E cmake_link_script CMakeFiles/cmTC_391be.dir/link.txt --verbose=1
/usr/bin/cc       CMakeFiles/cmTC_391be.dir/CheckSymbolExists.c.o  -o cmTC_391be -rdynamic 
CMakeFiles/cmTC_391be.dir/CheckSymbolExists.c.o: In function `main':
CheckSymbolExists.c:(.text+0x16): undefined reference to `pthread_create'
collect2: error: ld returned 1 exit status
CMakeFiles/cmTC_391be.dir/build.make:97: recipe for target 'cmTC_391be' failed
make[1]: *** [cmTC_391be] Error 1
make[1]: Leaving directory '/root/catkin_ws/build/learning_tf2/CMakeFiles/CMakeTmp'
Makefile:126: recipe for target 'cmTC_391be/fast' failed
make: *** [cmTC_391be/fast] Error 2

File /root/catkin_ws/build/learning_tf2/CMakeFiles/CMakeTmp/CheckSymbolExists.c:
/* */
#include <pthread.h>

int main(int argc, char** argv)
{
  (void)argv;
#ifndef pthread_create
  return ((int*)(&pthread_create))[argc];
#else
  (void)argc;
  return 0;
#endif
}

Determining if the function pthread_create exists in the pthreads failed with the following output:
Change Dir: /root/catkin_ws/build/learning_tf2/CMakeFiles/CMakeTmp

Run Build Command:"/usr/bin/make" "cmTC_c289d/fast"
/usr/bin/make -f CMakeFiles/cmTC_c289d.dir/build.make CMakeFiles/cmTC_c289d.dir/build
make[1]: Entering directory '/root/catkin_ws/build/learning_tf2/CMakeFiles/CMakeTmp'
Building C object CMakeFiles/cmTC_c289d.dir/CheckFunctionExists.c.o
/usr/bin/cc    -DCHECK_FUNCTION_EXISTS=pthread_create   -o CMakeFiles/cmTC_c289d.dir/CheckFunctionExists.c.o   -c /usr/share/cmake-3.5/Modules/CheckFunctionExists.c
Linking C executable cmTC_c289d
/usr/bin/cmake -E cmake_link_script CMakeFiles/cmTC_c289d.dir/link.txt --verbose=1
/usr/bin/cc   -DCHECK_FUNCTION_EXISTS=pthread_create    CMakeFiles/cmTC_c289d.dir/CheckFunctionExists.c.o  -o cmTC_c289d -rdynamic -lpthreads 
/usr/bin/ld: cannot find -lpthreads
collect2: error: ld returned 1 exit status
CMakeFiles/cmTC_c289d.dir/build.make:97: recipe for target 'cmTC_c289d' failed
make[1]: *** [cmTC_c289d] Error 1
make[1]: Leaving directory '/root/catkin_ws/build/learning_tf2/CMakeFiles/CMakeTmp'
Makefile:126: recipe for target 'cmTC_c289d/fast' failed
make: *** [cmTC_c289d/fast] Error 2


