Not searching for unused variables given on the command line.
[36m--[0m Using CATKIN_DEVEL_PREFIX: /root/catkin_ws/devel/.private/mavros
[36m--[0m Using CMAKE_PREFIX_PATH: /root/catkin_ws/devel;/opt/ros/kinetic
[36m--[0m This workspace overlays: /root/catkin_ws/devel;/opt/ros/kinetic
[36m--[0m Found PythonInterp: /usr/bin/python2 (found suitable version "2.7.12", minimum required is "2")
[36m--[0m Using PYTHON_EXECUTABLE: /usr/bin/python2
[36m--[0m Using Debian Python package layout
[36m--[0m Using empy: /usr/bin/empy
[36m--[0m Using CATKIN_ENABLE_TESTING: ON
[36m--[0m Call enable_testing()
[36m--[0m Using CATKIN_TEST_RESULTS_DIR: /root/catkin_ws/build/mavros/test_results
[36m--[0m Found gtest sources under '/usr/src/gmock': gtests will be built
[36m--[0m Found gmock sources under '/usr/src/gmock': gmock will be built
[36m--[0m Found PythonInterp: /usr/bin/python2 (found version "2.7.12")
[36m--[0m Using Python nosetests: /usr/bin/nosetests-2.7
[36m--[0m catkin 0.7.20
[36m--[0m BUILD_SHARED_LIBS is on
[36m--[0m Using these message generators: gencpp;geneus;genlisp;gennodejs;genpy
[36m--[0m Boost version: 1.58.0
[36m--[0m Found the following Boost libraries:
[36m--[0m   system
[36m--[0m Geoid model datasets found in: /usr/share/GeographicLib/geoid
[36m--[0m Gravity Field model datasets found in: /usr/share/GeographicLib/gravity
[36m--[0m Magnetic Field model datasets found in: /usr/share/GeographicLib/magnetic
[36m--[0m Configuring done
[36m--[0m Generating done
[36m--[0m Build files have been written to: /root/catkin_ws/build/mavros
