Determining if the pthread_create exist failed with the following output:
Change Dir: /root/catkin_ws/build/tf2_bullet/CMakeFiles/CMakeTmp

Run Build Command:"/usr/bin/make" "cmTC_96053/fast"
/usr/bin/make -f CMakeFiles/cmTC_96053.dir/build.make CMakeFiles/cmTC_96053.dir/build
make[1]: Entering directory '/root/catkin_ws/build/tf2_bullet/CMakeFiles/CMakeTmp'
Building C object CMakeFiles/cmTC_96053.dir/CheckSymbolExists.c.o
/usr/bin/cc     -o CMakeFiles/cmTC_96053.dir/CheckSymbolExists.c.o   -c /root/catkin_ws/build/tf2_bullet/CMakeFiles/CMakeTmp/CheckSymbolExists.c
Linking C executable cmTC_96053
/usr/bin/cmake -E cmake_link_script CMakeFiles/cmTC_96053.dir/link.txt --verbose=1
/usr/bin/cc       CMakeFiles/cmTC_96053.dir/CheckSymbolExists.c.o  -o cmTC_96053 -rdynamic 
CMakeFiles/cmTC_96053.dir/CheckSymbolExists.c.o: In function `main':
CheckSymbolExists.c:(.text+0x16): undefined reference to `pthread_create'
collect2: error: ld returned 1 exit status
CMakeFiles/cmTC_96053.dir/build.make:97: recipe for target 'cmTC_96053' failed
make[1]: *** [cmTC_96053] Error 1
make[1]: Leaving directory '/root/catkin_ws/build/tf2_bullet/CMakeFiles/CMakeTmp'
Makefile:126: recipe for target 'cmTC_96053/fast' failed
make: *** [cmTC_96053/fast] Error 2

File /root/catkin_ws/build/tf2_bullet/CMakeFiles/CMakeTmp/CheckSymbolExists.c:
/* */
#include <pthread.h>

int main(int argc, char** argv)
{
  (void)argv;
#ifndef pthread_create
  return ((int*)(&pthread_create))[argc];
#else
  (void)argc;
  return 0;
#endif
}

Determining if the function pthread_create exists in the pthreads failed with the following output:
Change Dir: /root/catkin_ws/build/tf2_bullet/CMakeFiles/CMakeTmp

Run Build Command:"/usr/bin/make" "cmTC_8515a/fast"
/usr/bin/make -f CMakeFiles/cmTC_8515a.dir/build.make CMakeFiles/cmTC_8515a.dir/build
make[1]: Entering directory '/root/catkin_ws/build/tf2_bullet/CMakeFiles/CMakeTmp'
Building C object CMakeFiles/cmTC_8515a.dir/CheckFunctionExists.c.o
/usr/bin/cc    -DCHECK_FUNCTION_EXISTS=pthread_create   -o CMakeFiles/cmTC_8515a.dir/CheckFunctionExists.c.o   -c /usr/share/cmake-3.5/Modules/CheckFunctionExists.c
Linking C executable cmTC_8515a
/usr/bin/cmake -E cmake_link_script CMakeFiles/cmTC_8515a.dir/link.txt --verbose=1
/usr/bin/cc   -DCHECK_FUNCTION_EXISTS=pthread_create    CMakeFiles/cmTC_8515a.dir/CheckFunctionExists.c.o  -o cmTC_8515a -rdynamic -lpthreads 
/usr/bin/ld: cannot find -lpthreads
collect2: error: ld returned 1 exit status
CMakeFiles/cmTC_8515a.dir/build.make:97: recipe for target 'cmTC_8515a' failed
make[1]: *** [cmTC_8515a] Error 1
make[1]: Leaving directory '/root/catkin_ws/build/tf2_bullet/CMakeFiles/CMakeTmp'
Makefile:126: recipe for target 'cmTC_8515a/fast' failed
make: *** [cmTC_8515a/fast] Error 2


