[  0%] Built target mixer_gen_6dof
[  0%] Built target git_ecl
[  0%] Built target lockstep_scheduler
[  0%] Built target git_gps_devices
[  0%] Built target git_mavlink_v2
[  0%] Built target mixer_gen
[  0%] Built target uorb_headers
[  0%] [34m[1mGenerating ../../logs[0m
[  0%] Built target ver_gen
[  0%] Built target logs_symlink
[  1%] Built target drivers_board
[  3%] Built target df_driver_framework
[  4%] Built target perf
[  5%] Built target rc
[  6%] Built target mixer
[  6%] Built target ecl_geo_lookup
[  6%] Built target ecl_validation
[  6%] Built target ecl_geo
[  6%] Built target ecl_tecs
[  7%] Built target ecl_attitude_fw
[  7%] Built target version
[  8%] Built target ecl_l1
[  8%] Built target ecl_airdata
[  8%] Built target tinybson
[ 11%] Built target work_queue
[ 12%] Built target parameters
[ 30%] Built target uorb_msgs
[ 31%] Built target modules__uORB
[ 32%] Built target generate_topic_listener
[ 34%] Built target px4_work_queue
[ 35%] Built target px4_platform
[ 36%] Built target px4_daemon
[ 37%] Built target px4_layer
[ 38%] Built target systemlib
[ 39%] Built target cdev
[ 39%] Built target modules__uORB__uORB_tests
[ 39%] Built target WeatherVane
[ 39%] Built target battery
[ 39%] Built target arch_tone_alarm
[ 39%] Built target lib__work_queue__test__wqueue_test
[ 40%] Built target lib__cdev__test__cdev_test
[ 41%] Built target drivers__gps
[ 41%] Built target modules__dataman
[ 41%] Built target modules__camera_feedback
[ 42%] Built target drivers__camera_trigger
[ 42%] Built target runway_takeoff
[ 42%] Built target launchdetection
[ 42%] Built target failure_detector
[ 43%] Built target modules__events
[ 44%] Built target modules__commander__commander_tests
[ 44%] Built target Takeoff
[ 44%] Built target modules__load_mon
[ 44%] Built target AttitudeControl
[ 44%] Built target modules__replay
[ 44%] Built target systemcmds__led_control
[ 44%] Built target tunes
[ 45%] Built target systemcmds__esc_calib
[ 45%] Built target systemcmds__mixer
[ 46%] Built target landing_slope
[ 47%] Built target mixer_module
[ 47%] Built target modules__attitude_estimator_q
[ 48%] Built target modules__landing_target_estimator
[ 48%] Built target vehicle_angular_velocity
[ 50%] Built target systemcmds__dyn
[ 50%] Built target modules__logger
[ 50%] Built target systemcmds__param
[ 50%] Built target vehicle_acceleration
[ 50%] Built target systemcmds__pwm
[ 51%] Built target systemcmds__motor_test
[ 51%] Built target systemcmds__perf
[ 52%] Built target systemcmds__reboot
[ 52%] Built target modules__mavlink__mavlink_tests
[ 53%] Built target mathlib
[ 54%] Built target drivers__vmount
[ 54%] Built target systemcmds__top
[ 54%] Built target systemcmds__work_queue
[ 54%] Built target systemcmds__shutdown
[ 55%] Built target systemcmds__tests__hrt_test
[ 56%] Built target modules__vtol_att_control
[ 56%] Built target systemcmds__topic_listener
[ 57%] Built target modules__bottle_drop
[ 58%] Built target examples__fixedwing_control
[ 58%] Built target modules__fw_pos_control_l1
[ 58%] Built target systemcmds__ver
[ 59%] Built target airspeed
[ 59%] Built target drivers_magnetometer
[ 59%] Built target conversion
[ 59%] Built target drivers_barometer
[ 59%] Built target CollisionPrevention
[ 61%] Built target controllib
[ 61%] Built target circuit_breaker
[ 61%] Built target lib__controllib__controllib_test
[ 62%] Built target drivers__device
[ 62%] Built target AirspeedValidator
[ 62%] Built target FlightTask
[ 64%] Built target ecl_EKF
[ 64%] Built target pid
[ 64%] Built target systemcmds__sd_bench
[ 64%] Built target examples__px4_simple_app
[ 65%] Built target lib__rc__rc_tests
[ 65%] Built target output_limit
[ 67%] Built target systemcmds__tune_control
[ 67%] Built target drivers__led
[ 67%] Built target systemcmds__motor_ramp
[ 67%] Built target modules__airspeed_selector
[ 68%] Built target Ekf2Utility
[ 69%] Built target FlightTaskTransition
[ 70%] Built target RateControl
[ 70%] Built target FlightTaskOffboard
[ 71%] Built target examples__px4_mavlink_debug
[ 72%] Built target drivers__ledsim
[ 73%] Built target FlightTaskDescend
[ 73%] Built target modules__rover_pos_control
[ 73%] Built target examples__rover_steering_control
[ 74%] Built target drivers__tone_alarm
[ 75%] Built target modules__sensors
[ 75%] Built target hysteresis
[ 78%] Built target modules__navigator
[ 79%] Built target modules__fw_att_control
[ 79%] Built target drivers_gyroscope
[ 79%] Built target drivers__pwm_out_sim
[ 79%] Built target examples__hello
[ 80%] Built target modules__mc_att_control
[ 80%] Built target modules__ekf2
[ 81%] Built target FlightTaskUtility
[ 81%] Built target FlightTaskFailsafe
[ 81%] Built target FlightTaskManual
[ 82%] Built target modules__local_position_estimator
[ 85%] Built target modules__commander
[ 86%] Built target modules__land_detector
[ 92%] Built target systemcmds__tests
[ 92%] Built target drivers_accelerometer
[ 93%] Built target FlightTaskManualAltitude
[ 93%] Built target FlightTaskAuto
[ 93%] Built target FlightTaskManualAltitudeSmoothVel
[ 93%] Built target FlightTaskManualPosition
[ 93%] Built target FlightTaskManualAltitudeSmooth
[ 94%] Built target modules__simulator
[ 94%] Built target FlightTaskAutoMapper2
[ 94%] Built target FlightTaskAutoMapper
[ 94%] Built target FlightTaskAutoFollowMe
[ 94%] Built target FlightTaskOrbit
[ 94%] Built target FlightTaskManualPositionSmoothVel
[ 97%] Built target modules__mavlink
[ 98%] Built target FlightTaskManualPositionSmooth
[ 98%] Built target drivers__gpssim
[100%] Built target FlightTaskAutoLine
[100%] Built target FlightTaskAutoLineSmoothVel
[100%] Built target FlightTasks
[100%] Built target modules__mc_pos_control
[100%] Built target px4
[100%] Built target examples__dyn_hello
