[  0%] Built target git_ecl
[  0%] Built target mixer_gen
[  0%] Built target mixer_gen_6dof
[  1%] Built target drivers_board
[  1%] Built target uorb_headers
[  1%] Built target lockstep_scheduler
[  3%] Built target df_driver_framework
[  3%] Built target ver_gen
[  3%] [34m[1mGenerating ../../logs[0m
[  3%] Built target git_gps_devices
[  3%] Built target git_mavlink_v2
[  3%] Built target logs_symlink
[  4%] Built target perf
[  4%] Built target version
[  4%] Built target ecl_geo_lookup
[  4%] Built target ecl_validation
[  4%] Built target ecl_airdata
[  4%] Built target ecl_geo
[  4%] Built target ecl_tecs
[  5%] Built target mixer
[  6%] Built target ecl_attitude_fw
[  6%] Built target tinybson
[  9%] Built target work_queue
[ 10%] Built target rc
[ 11%] Built target ecl_l1
[ 12%] Built target parameters
[ 30%] Built target uorb_msgs
[ 31%] Built target modules__uORB
[ 32%] Built target generate_topic_listener
[ 34%] Built target px4_work_queue
[ 35%] Built target px4_platform
[ 36%] Built target px4_daemon
[ 37%] Built target px4_layer
[ 38%] Built target systemlib
[ 39%] Built target cdev
[ 39%] Built target battery
[ 41%] Built target landing_slope
[ 41%] Built target airspeed
[ 41%] Built target AirspeedValidator
[ 41%] Built target hysteresis
[ 42%] Built target lib__cdev__test__cdev_test
[ 42%] Built target CollisionPrevention
[ 42%] Built target systemcmds__sd_bench
[ 42%] Built target pid
[ 42%] Built target output_limit
[ 43%] Built target modules__vtol_att_control
[ 44%] Built target mixer_module
[ 45%] Built target drivers__gps
[ 45%] Built target drivers_barometer
[ 45%] Built target systemcmds__shutdown
[ 45%] Built target systemcmds__perf
[ 45%] Built target modules__attitude_estimator_q
[ 45%] Built target modules__load_mon
[ 45%] Built target circuit_breaker
[ 46%] Built target drivers__device
[ 47%] Built target systemcmds__reboot
[ 47%] Built target systemcmds__pwm
[ 50%] Built target controllib
[ 50%] Built target launchdetection
[ 51%] Built target systemcmds__motor_test
[ 51%] Built target systemcmds__topic_listener
[ 51%] Built target systemcmds__ver
[ 51%] Built target modules__camera_feedback
[ 52%] Built target modules__landing_target_estimator
[ 53%] Built target systemcmds__tests__hrt_test
[ 53%] Built target systemcmds__mixer
[ 54%] Built target examples__fixedwing_control
[ 54%] Built target systemcmds__top
[ 55%] Built target modules__commander__commander_tests
[ 55%] Built target runway_takeoff
[ 56%] Built target modules__bottle_drop
[ 56%] Built target systemcmds__work_queue
[ 56%] Built target failure_detector
[ 56%] Built target vehicle_angular_velocity
[ 57%] Built target modules__logger
[ 57%] Built target systemcmds__motor_ramp
[ 57%] Built target systemcmds__param
[ 57%] Built target lib__work_queue__test__wqueue_test
[ 58%] Built target drivers__vmount
[ 58%] Built target arch_tone_alarm
[ 58%] Built target vehicle_acceleration
[ 58%] Built target modules__rover_pos_control
[ 58%] Built target modules__uORB__uORB_tests
[ 59%] Built target examples__px4_mavlink_debug
[ 60%] Built target drivers__camera_trigger
[ 60%] Built target examples__px4_simple_app
[ 60%] Built target drivers__pwm_out_sim
[ 60%] Built target examples__rover_steering_control
[ 61%] Built target mathlib
[ 61%] Built target modules__mavlink__mavlink_tests
[ 61%] Built target modules__airspeed_selector
[ 61%] Built target modules__fw_pos_control_l1
[ 62%] Built target modules__local_position_estimator
[ 63%] Built target modules__land_detector
[ 63%] Built target FlightTask
[ 64%] Built target Ekf2Utility
[ 68%] Built target modules__navigator
[ 69%] Built target RateControl
[ 71%] Built target ecl_EKF
[ 71%] Built target drivers_accelerometer
[ 71%] Built target drivers_gyroscope
[ 72%] Built target systemcmds__esc_calib
[ 72%] Built target systemcmds__dyn
[ 73%] Built target modules__fw_att_control
[ 73%] Built target AttitudeControl
[ 73%] Built target modules__dataman
[ 73%] Built target Takeoff
[ 73%] Built target modules__replay
[ 74%] Built target modules__events
[ 75%] Built target FlightTaskDescend
[ 75%] Built target FlightTaskManual
[ 76%] Built target FlightTaskTransition
[ 76%] Built target FlightTaskOffboard
[ 76%] Built target FlightTaskFailsafe
[ 76%] Built target modules__ekf2
[ 76%] Built target examples__hello
[ 76%] Built target WeatherVane
[ 76%] Built target systemcmds__led_control
[ 78%] Built target modules__commander
[ 79%] Built target FlightTaskUtility
[ 86%] Built target systemcmds__tests
[ 87%] Built target FlightTaskManualAltitude
[ 87%] Built target drivers__led
[ 87%] Built target tunes
[ 87%] Built target drivers_magnetometer
[ 88%] Built target lib__rc__rc_tests
[ 88%] Built target FlightTaskAuto
[ 88%] Built target FlightTaskManualAltitudeSmoothVel
[ 88%] Built target FlightTaskManualPosition
[ 88%] Built target conversion
[ 88%] Built target FlightTaskManualAltitudeSmooth
[ 88%] Built target FlightTaskAutoMapper
[ 89%] Built target drivers__ledsim
[ 90%] Built target systemcmds__tune_control
[ 90%] Built target FlightTaskManualPositionSmoothVel
[ 90%] Built target lib__controllib__controllib_test
[ 90%] Built target FlightTaskAutoMapper2
[ 91%] Built target modules__mc_att_control
[ 92%] Built target FlightTaskAutoFollowMe
[ 92%] Built target drivers__tone_alarm
[ 92%] Built target FlightTaskOrbit
[ 93%] Built target FlightTaskAutoLine
[ 94%] Built target modules__sensors
[ 95%] Built target modules__simulator
[ 96%] Built target FlightTaskManualPositionSmooth
[ 96%] Built target FlightTaskAutoLineSmoothVel
[ 96%] Built target drivers__gpssim
[ 96%] Built target FlightTasks
[100%] Built target modules__mavlink
[100%] Built target modules__mc_pos_control
[100%] Built target px4
[100%] Built target examples__dyn_hello
