[  0%] Built target git_mavlink_v2
[  0%] Built target lockstep_scheduler
[  0%] Built target mixer_gen_6dof
[  0%] Built target git_gps_devices
[  0%] [34m[1mGenerating git version header[0m
[  0%] Built target mixer_gen
[  0%] Built target git_ecl
[  1%] Built target drivers_board
[  1%] Built target uorb_headers
[  1%] [34m[1mGenerating ../../logs[0m
[  3%] Built target df_driver_framework
[  3%] Built target logs_symlink
[  3%] Built target ecl_airdata
[  3%] Built target ecl_geo_lookup
[  3%] Built target ecl_geo
[  3%] Built target tinybson
[  4%] Built target perf
[  4%] Built target ecl_tecs
[  4%] Built target ecl_validation
[  5%] Built target mixer
[  6%] Built target ecl_attitude_fw
[  7%] Built target rc
[ 10%] Built target work_queue
[ 11%] Built target ecl_l1
[ 12%] Built target parameters
[ 12%] Built target ver_gen
[ 30%] Built target uorb_msgs
[ 30%] Built target version
[ 31%] Built target generate_topic_listener
[ 32%] Built target modules__uORB
[ 34%] Built target px4_work_queue
[ 35%] Built target px4_platform
[ 36%] Built target px4_daemon
[ 37%] Built target px4_layer
[ 38%] Built target systemlib
[ 39%] Built target cdev
[ 39%] Built target battery
[ 39%] Built target drivers_magnetometer
[ 39%] Built target drivers_barometer
[ 39%] Built target circuit_breaker
[ 39%] Built target conversion
[ 39%] Built target output_limit
[ 39%] Built target hysteresis
[ 39%] Built target lib__work_queue__test__wqueue_test
[ 40%] Built target landing_slope
[ 40%] Built target pid
[ 40%] Built target arch_tone_alarm
[ 41%] Built target modules__attitude_estimator_q
[ 41%] Built target mathlib
[ 41%] Built target modules__camera_feedback
[ 41%] Built target CollisionPrevention
[ 41%] Built target modules__uORB__uORB_tests
[ 42%] Built target modules__commander__commander_tests
[ 44%] Built target controllib
[ 44%] Built target FlightTask
[ 44%] Built target modules__load_mon
[ 44%] Built target modules__dataman
[ 45%] Built target modules__fw_att_control
[ 45%] Built target runway_takeoff
[ 46%] Built target systemcmds__motor_test
[ 46%] Built target systemcmds__param
[ 46%] Built target systemcmds__pwm
[ 46%] Built target vehicle_acceleration
[ 46%] Built target systemcmds__motor_ramp
[ 47%] Built target systemcmds__esc_calib
[ 47%] Built target systemcmds__mixer
[ 47%] Built target systemcmds__shutdown
[ 48%] Built target RateControl
[ 48%] Built target systemcmds__perf
[ 48%] Built target systemcmds__topic_listener
[ 50%] Built target modules__events
[ 50%] Built target launchdetection
[ 51%] Built target Ekf2Utility
[ 51%] Built target modules__rover_pos_control
[ 52%] Built target systemcmds__tests__hrt_test
[ 53%] Built target modules__bottle_drop
[ 53%] Built target systemcmds__led_control
[ 53%] Built target vehicle_angular_velocity
[ 53%] Built target examples__rover_steering_control
[ 54%] Built target modules__land_detector
[ 54%] Built target modules__fw_pos_control_l1
[ 55%] Built target FlightTaskTransition
[ 55%] Built target FlightTaskOffboard
[ 55%] Built target FlightTaskFailsafe
[ 56%] Built target airspeed
[ 57%] Built target lib__cdev__test__cdev_test
[ 57%] Built target lib__controllib__controllib_test
[ 57%] Built target AirspeedValidator
[ 58%] Built target drivers__device
[ 58%] Built target failure_detector
[ 58%] Built target examples__hello
[ 61%] Built target drivers__gps
[ 61%] Built target FlightTaskDescend
[ 62%] Built target drivers__camera_trigger
[ 68%] Built target systemcmds__tests
[ 69%] Built target examples__fixedwing_control
[ 70%] Built target FlightTaskManual
[ 70%] Built target examples__px4_mavlink_debug
[ 71%] Built target FlightTaskUtility
[ 71%] Built target drivers__led
[ 71%] Built target drivers_accelerometer
[ 72%] Built target modules__sensors
[ 75%] Built target modules__navigator
[ 76%] Built target drivers__ledsim
[ 76%] Built target FlightTaskAuto
[ 77%] Built target FlightTaskManualAltitude
[ 77%] Built target FlightTaskAutoFollowMe
[ 77%] Built target modules__airspeed_selector
[ 79%] Built target ecl_EKF
[ 79%] Built target FlightTaskAutoMapper2
[ 79%] Built target FlightTaskManualAltitudeSmoothVel
[ 80%] Built target modules__local_position_estimator
[ 80%] Built target FlightTaskAutoMapper
[ 80%] Built target FlightTaskManualPosition
[ 84%] Built target modules__mavlink
[ 86%] Built target modules__commander
[ 86%] Built target drivers_gyroscope
[ 86%] Built target systemcmds__top
[ 86%] Built target examples__px4_simple_app
[ 86%] Built target systemcmds__dyn
[ 86%] Built target modules__ekf2
[ 86%] Built target FlightTaskAutoLineSmoothVel
[ 87%] Built target FlightTaskAutoLine
[ 88%] Built target FlightTaskManualPositionSmooth
[ 88%] Built target FlightTaskManualPositionSmoothVel
[ 89%] Built target modules__simulator
[ 89%] Built target tunes
[ 89%] Built target WeatherVane
[ 90%] Built target lib__rc__rc_tests
[ 90%] Built target Takeoff
[ 90%] Built target systemcmds__ver
[ 91%] Built target systemcmds__reboot
[ 91%] Built target systemcmds__sd_bench
[ 91%] Built target modules__replay
[ 91%] Built target AttitudeControl
[ 91%] Built target systemcmds__work_queue
[ 92%] Built target modules__logger
[ 93%] Built target mixer_module
[ 94%] Built target modules__landing_target_estimator
[ 94%] Built target FlightTaskManualAltitudeSmooth
[ 95%] Built target systemcmds__tune_control
[ 95%] Built target drivers__pwm_out_sim
[ 96%] Built target drivers__vmount
[ 97%] Built target modules__vtol_att_control
[ 98%] Built target modules__mc_att_control
[ 98%] Built target modules__mavlink__mavlink_tests
[100%] Built target drivers__tone_alarm
[100%] Built target FlightTaskOrbit
[100%] Built target drivers__gpssim
[100%] Built target FlightTasks
[100%] Built target modules__mc_pos_control
[100%] Built target px4
[100%] Built target examples__dyn_hello
