[  0%] Built target git_mavlink_v2
[  1%] Built target git_gps_devices
[  1%] Built target drivers_board
[  1%] Built target mixer_gen
[  1%] Built target mixer_gen_6dof
[  1%] Built target git_ecl
[  1%] Built target lockstep_scheduler
[  1%] Built target ver_gen
[  1%] Built target uorb_headers
[  1%] [34m[1mGenerating ../../logs[0m
[  1%] Built target logs_symlink
[  1%] Built target ecl_geo
[  1%] Built target ecl_validation
[  1%] Built target ecl_geo_lookup
[  1%] Built target ecl_airdata
[  1%] Built target ecl_tecs
[  3%] Built target df_driver_framework
[  3%] Built target tinybson
[  4%] Built target ecl_attitude_fw
[  5%] Built target perf
[  5%] Built target version
[  6%] Built target mixer
[  7%] Built target rc
[ 10%] Built target work_queue
[ 11%] Built target ecl_l1
[ 29%] Built target uorb_msgs
[ 30%] Built target parameters
[ 31%] Built target generate_topic_listener
[ 32%] Built target modules__uORB
[ 34%] Built target px4_work_queue
[ 35%] Built target px4_platform
[ 36%] Built target px4_daemon
[ 37%] Built target px4_layer
[ 38%] Built target systemlib
[ 39%] Built target cdev
[ 39%] Built target tunes
[ 39%] Built target systemcmds__pwm
[ 40%] Built target systemcmds__reboot
[ 40%] Built target launchdetection
[ 40%] Built target systemcmds__shutdown
[ 40%] Built target systemcmds__perf
[ 40%] Built target WeatherVane
[ 40%] Built target systemcmds__sd_bench
[ 42%] Built target drivers__camera_trigger
[ 42%] Built target systemcmds__tests__hrt_test
[ 42%] Built target failure_detector
[ 42%] Built target systemcmds__param
[ 42%] Built target systemcmds__top
[ 43%] Built target runway_takeoff
[ 43%] Built target systemcmds__motor_test
[ 44%] Built target mixer_module
[ 45%] Built target output_limit
[ 45%] Built target modules__fw_att_control
[ 45%] Built target modules__uORB__uORB_tests
[ 45%] Built target arch_tone_alarm
[ 46%] Built target modules__logger
[ 46%] Built target hysteresis
[ 46%] Built target pid
[ 47%] Built target drivers__gps
[ 47%] Built target Takeoff
[ 47%] Built target systemcmds__motor_ramp
[ 47%] Built target modules__replay
[ 47%] Built target drivers_magnetometer
[ 47%] Built target systemcmds__mixer
[ 47%] Built target lib__work_queue__test__wqueue_test
[ 48%] Built target modules__commander__commander_tests
[ 50%] Built target lib__rc__rc_tests
[ 50%] Built target conversion
[ 50%] Built target AirspeedValidator
[ 50%] Built target CollisionPrevention
[ 50%] Built target AttitudeControl
[ 51%] Built target drivers__device
[ 51%] Built target lib__controllib__controllib_test
[ 52%] Built target airspeed
[ 52%] Built target modules__load_mon
[ 53%] Built target mathlib
[ 54%] Built target modules__landing_target_estimator
[ 55%] Built target drivers__vmount
[ 55%] Built target modules__camera_feedback
[ 56%] Built target landing_slope
[ 57%] Built target systemcmds__esc_calib
[ 57%] Built target systemcmds__led_control
[ 57%] Built target vehicle_angular_velocity
[ 57%] Built target vehicle_acceleration
[ 57%] Built target modules__attitude_estimator_q
[ 59%] Built target controllib
[ 59%] Built target modules__dataman
[ 59%] Built target drivers_barometer
[ 59%] Built target examples__rover_steering_control
[ 60%] Built target Ekf2Utility
[ 61%] Built target lib__cdev__test__cdev_test
[ 61%] Built target FlightTask
[ 61%] Built target systemcmds__dyn
[ 62%] Built target modules__events
[ 62%] Built target examples__px4_simple_app
[ 62%] Built target modules__airspeed_selector
[ 62%] Built target modules__mavlink__mavlink_tests
[ 62%] Built target battery
[ 62%] Built target drivers__led
[ 62%] Built target circuit_breaker
[ 62%] Built target drivers_gyroscope
[ 63%] Built target modules__vtol_att_control
[ 64%] Built target RateControl
[ 64%] Built target modules__rover_pos_control
[ 65%] Built target modules__land_detector
[ 67%] Built target drivers__ledsim
[ 69%] Built target ecl_EKF
[ 70%] Built target drivers__tone_alarm
[ 71%] Built target systemcmds__tune_control
[ 72%] Built target modules__local_position_estimator
[ 72%] Built target modules__fw_pos_control_l1
[ 72%] Built target drivers__pwm_out_sim
[ 73%] Built target modules__sensors
[ 75%] Built target modules__commander
[ 75%] Built target systemcmds__work_queue
[ 75%] Built target systemcmds__topic_listener
[ 75%] Built target systemcmds__ver
[ 76%] Built target FlightTaskTransition
[ 76%] Built target examples__hello
[ 77%] Built target modules__mc_att_control
[ 84%] Built target systemcmds__tests
[ 87%] Built target modules__navigator
[ 90%] Built target modules__mavlink
[ 90%] Built target FlightTaskOffboard
[ 91%] Built target FlightTaskDescend
[ 91%] Built target FlightTaskFailsafe
[ 91%] Built target FlightTaskManual
[ 92%] Built target modules__bottle_drop
[ 93%] Built target examples__fixedwing_control
[ 93%] Built target drivers_accelerometer
[ 93%] Built target modules__ekf2
[ 94%] Built target modules__simulator
[ 95%] Built target FlightTaskUtility
[ 95%] Built target FlightTaskAuto
[ 96%] Built target FlightTaskManualAltitude
[ 97%] Built target examples__px4_mavlink_debug
[ 97%] Built target FlightTaskAutoMapper2
[ 97%] Built target FlightTaskManualPosition
[ 97%] Built target FlightTaskManualAltitudeSmooth
[ 97%] Built target FlightTaskManualAltitudeSmoothVel
[ 97%] Built target FlightTaskAutoFollowMe
[ 97%] Built target FlightTaskAutoMapper
[ 97%] Built target drivers__gpssim
[ 97%] Built target FlightTaskManualPositionSmoothVel
[ 98%] Built target FlightTaskManualPositionSmooth
[100%] Built target FlightTaskAutoLine
[100%] Built target FlightTaskAutoLineSmoothVel
[100%] Built target FlightTaskOrbit
[100%] Built target FlightTasks
[100%] Built target modules__mc_pos_control
[100%] Built target px4
[100%] Built target examples__dyn_hello
