[  0%] Built target lockstep_scheduler
[  0%] Built target git_mavlink_v2
[  0%] Built target mixer_gen
[  0%] Built target ver_gen
[  0%] Built target git_gps_devices
[  0%] Built target mixer_gen_6dof
[  0%] Built target uorb_headers
[  1%] Built target drivers_board
[  1%] Built target git_ecl
[  2%] Built target perf
[  2%] Built target ecl_geo_lookup
[  3%] Built target ecl_validation
[  3%] Built target ecl_attitude_fw
[  6%] Built target work_queue
[  6%] Built target version
[  6%] [34m[1mGenerating ../../logs[0m
[  6%] Built target logs_symlink
[  6%] Built target ecl_tecs
[  8%] Built target df_driver_framework
[  9%] Built target rc
[  9%] Built target ecl_airdata
[  9%] Built target tinybson
[  9%] Built target ecl_geo
[ 10%] Built target mixer
[ 11%] Built target ecl_l1
[ 12%] Built target parameters
[ 30%] Built target uorb_msgs
[ 31%] Built target generate_topic_listener
[ 32%] Built target modules__uORB
[ 34%] Built target px4_work_queue
[ 35%] Built target px4_platform
[ 36%] Built target px4_daemon
[ 37%] Built target px4_layer
[ 38%] Built target systemlib
[ 39%] Built target cdev
[ 40%] Built target airspeed
[ 40%] Built target battery
[ 40%] Built target drivers_barometer
[ 41%] Built target lib__rc__rc_tests
[ 41%] Built target CollisionPrevention
[ 41%] Built target output_limit
[ 41%] Built target lib__controllib__controllib_test
[ 41%] Built target FlightTask
[ 42%] Built target mixer_module
[ 43%] Built target systemcmds__esc_calib
[ 43%] Built target runway_takeoff
[ 44%] Built target modules__logger
[ 44%] Built target systemcmds__led_control
[ 45%] Built target systemcmds__reboot
[ 47%] Built target controllib
[ 47%] Built target systemcmds__top
[ 48%] Built target drivers__camera_trigger
[ 48%] Built target systemcmds__param
[ 48%] Built target systemcmds__topic_listener
[ 50%] Built target modules__vtol_att_control
[ 50%] Built target systemcmds__ver
[ 51%] Built target examples__fixedwing_control
[ 52%] Built target modules__bottle_drop
[ 52%] Built target FlightTaskOffboard
[ 52%] Built target FlightTaskFailsafe
[ 52%] Built target examples__hello
[ 52%] Built target examples__rover_steering_control
[ 52%] Built target FlightTaskManual
[ 53%] Built target FlightTaskDescend
[ 54%] Built target FlightTaskTransition
[ 54%] Built target systemcmds__dyn
[ 60%] Built target systemcmds__tests
[ 61%] Built target FlightTaskManualAltitude
[ 61%] Built target FlightTaskManualPosition
[ 61%] Built target hysteresis
[ 61%] Built target systemcmds__work_queue
[ 62%] Built target drivers__vmount
[ 62%] Built target WeatherVane
[ 63%] Built target drivers__device
[ 63%] Built target failure_detector
[ 63%] Built target AirspeedValidator
[ 64%] Built target mathlib
[ 64%] Built target drivers_magnetometer
[ 64%] Built target modules__replay
[ 64%] Built target AttitudeControl
[ 64%] Built target modules__airspeed_selector
[ 64%] Built target drivers_accelerometer
[ 64%] Built target tunes
[ 64%] Built target Takeoff
[ 64%] Built target systemcmds__pwm
[ 64%] Built target systemcmds__mixer
[ 65%] Built target systemcmds__motor_test
[ 65%] Built target systemcmds__motor_ramp
[ 68%] Built target ecl_EKF
[ 70%] Built target landing_slope
[ 70%] Built target RateControl
[ 70%] Built target modules__uORB__uORB_tests
[ 70%] Built target vehicle_angular_velocity
[ 70%] Built target drivers__pwm_out_sim
[ 71%] Built target examples__px4_mavlink_debug
[ 72%] Built target modules__land_detector
[ 75%] Built target modules__navigator
[ 76%] Built target modules__commander__commander_tests
[ 77%] Built target systemcmds__tune_control
[ 78%] Built target Ekf2Utility
[ 79%] Built target modules__local_position_estimator
[ 79%] Built target drivers_gyroscope
[ 79%] Built target systemcmds__sd_bench
[ 79%] Built target vehicle_acceleration
[ 79%] Built target systemcmds__perf
[ 79%] Built target conversion
[ 79%] Built target drivers__led
[ 80%] Built target lib__cdev__test__cdev_test
[ 80%] Built target circuit_breaker
[ 80%] Built target examples__px4_simple_app
[ 80%] Built target modules__ekf2
[ 81%] Built target modules__mc_att_control
[ 84%] Built target modules__commander
[ 85%] Built target FlightTaskUtility
[ 85%] Built target lib__work_queue__test__wqueue_test
[ 85%] Built target FlightTaskManualAltitudeSmoothVel
[ 85%] Built target arch_tone_alarm
[ 85%] Built target FlightTaskAuto
[ 85%] Built target FlightTaskManualAltitudeSmooth
[ 86%] Built target systemcmds__tests__hrt_test
[ 86%] Built target FlightTaskManualPositionSmoothVel
[ 87%] Built target FlightTaskManualPositionSmooth
[ 87%] Built target modules__attitude_estimator_q
[ 88%] Built target drivers__ledsim
[ 88%] Built target FlightTaskAutoFollowMe
[ 88%] Built target FlightTaskAutoMapper2
[ 88%] Built target FlightTaskOrbit
[ 89%] Built target FlightTaskAutoMapper
[ 89%] Built target drivers__tone_alarm
[ 90%] Built target drivers__gps
[ 91%] Built target modules__simulator
[ 91%] Built target FlightTaskAutoLineSmoothVel
[ 92%] Built target FlightTaskAutoLine
[ 92%] Built target FlightTasks
[ 92%] Built target drivers__gpssim
[ 92%] Built target modules__mc_pos_control
[ 93%] Built target modules__sensors
[ 93%] Built target pid
[ 94%] Built target modules__events
[ 97%] Built target modules__mavlink
[ 97%] Built target modules__rover_pos_control
[ 97%] Built target systemcmds__shutdown
[ 97%] Built target modules__camera_feedback
[ 97%] Built target modules__load_mon
[ 97%] Built target modules__mavlink__mavlink_tests
[ 97%] Built target launchdetection
[ 97%] Built target modules__dataman
[ 98%] Built target modules__landing_target_estimator
[100%] Built target modules__fw_att_control
[100%] Built target modules__fw_pos_control_l1
[100%] Built target px4
[100%] Built target examples__dyn_hello
