[  0%] Built target git_ecl
[  0%] Built target ver_gen
[  0%] Built target uorb_headers
[  0%] Built target lockstep_scheduler
[  0%] Built target mixer_gen
[  1%] Built target drivers_board
[  1%] Built target mixer_gen_6dof
[  1%] [34m[1mGenerating ../../logs[0m
[  3%] Built target git_mavlink_v2
[  3%] Built target df_driver_framework
[  3%] Built target logs_symlink
[  3%] Built target git_gps_devices
[  6%] Built target ecl_validation
[  6%] Built target work_queue
[  6%] Built target ecl_geo_lookup
[  6%] Built target tinybson
[  7%] Built target perf
[  8%] Built target ecl_attitude_fw
[  8%] Built target ecl_tecs
[  8%] Built target ecl_geo
[  8%] Built target ecl_airdata
[  9%] Built target mixer
[ 10%] Built target rc
[ 10%] Built target version
[ 11%] Built target parameters
[ 12%] Built target ecl_l1
[ 30%] Built target uorb_msgs
[ 31%] Built target modules__uORB
[ 32%] Built target generate_topic_listener
[ 34%] Built target px4_work_queue
[ 35%] Built target px4_platform
[ 36%] Built target px4_daemon
[ 37%] Built target px4_layer
[ 38%] Built target systemlib
[ 39%] Built target cdev
[ 39%] Built target circuit_breaker
[ 39%] Built target battery
[ 40%] Built target airspeed
[ 40%] Built target drivers_barometer
[ 40%] Built target CollisionPrevention
[ 41%] Built target mixer_module
[ 41%] Built target modules__camera_feedback
[ 41%] Built target modules__dataman
[ 41%] Built target conversion
[ 41%] Built target Takeoff
[ 41%] Built target launchdetection
[ 43%] Built target controllib
[ 44%] Built target arch_tone_alarm
[ 43%] Built target AirspeedValidator
[ 43%] Built target runway_takeoff
[ 44%] Built target modules__commander__commander_tests
[ 44%] Built target WeatherVane
[ 45%] Built target drivers__device
[ 46%] Built target modules__landing_target_estimator
[ 47%] Built target modules__fw_att_control
[ 47%] Built target lib__work_queue__test__wqueue_test
[ 48%] Built target modules__events
[ 48%] Built target modules__attitude_estimator_q
[ 50%] Built target lib__cdev__test__cdev_test
[ 51%] Built target drivers__gps
[ 51%] Built target systemcmds__sd_bench
[ 51%] Built target AttitudeControl
[ 51%] Built target failure_detector
[ 52%] Built target systemcmds__esc_calib
[ 52%] Built target modules__load_mon
[ 52%] Built target modules__replay
[ 53%] Built target landing_slope
[ 53%] Built target systemcmds__pwm
[ 54%] Built target modules__logger
[ 54%] Built target systemcmds__top
[ 55%] Built target systemcmds__reboot
[ 56%] Built target modules__bottle_drop
[ 57%] Built target systemcmds__motor_test
[ 58%] Built target drivers__vmount
[ 58%] Built target systemcmds__dyn
[ 58%] Built target systemcmds__shutdown
[ 58%] Built target systemcmds__work_queue
[ 59%] Built target examples__px4_mavlink_debug
[ 60%] Built target systemcmds__tests__hrt_test
[ 60%] Built target systemcmds__ver
[ 60%] Built target examples__rover_steering_control
[ 60%] Built target drivers_gyroscope
[ 60%] Built target modules__mavlink__mavlink_tests
[ 61%] Built target mathlib
[ 61%] Built target vehicle_angular_velocity
[ 62%] Built target modules__local_position_estimator
[ 62%] Built target output_limit
[ 63%] Built target lib__rc__rc_tests
[ 63%] Built target pid
[ 63%] Built target hysteresis
[ 64%] Built target drivers__camera_trigger
[ 64%] Built target modules__uORB__uORB_tests
[ 64%] Built target systemcmds__motor_ramp
[ 64%] Built target systemcmds__mixer
[ 64%] Built target systemcmds__led_control
[ 64%] Built target modules__fw_pos_control_l1
[ 68%] Built target modules__navigator
[ 69%] Built target RateControl
[ 69%] Built target drivers_accelerometer
[ 70%] Built target Ekf2Utility
[ 72%] Built target ecl_EKF
[ 72%] Built target modules__rover_pos_control
[ 72%] Built target drivers__pwm_out_sim
[ 72%] Built target examples__px4_simple_app
[ 78%] Built target systemcmds__tests
[ 79%] Built target modules__mc_att_control
[ 80%] Built target modules__land_detector
[ 80%] Built target modules__ekf2
[ 82%] Built target modules__commander
[ 84%] Built target modules__vtol_att_control
[ 84%] Built target lib__controllib__controllib_test
[ 84%] Built target examples__hello
[ 84%] Built target systemcmds__perf
[ 84%] Built target tunes
[ 84%] Built target drivers_magnetometer
[ 84%] Built target vehicle_acceleration
[ 84%] Built target systemcmds__param
[ 84%] Built target FlightTask
[ 87%] Built target modules__mavlink
[ 87%] Built target systemcmds__topic_listener
[ 88%] Built target examples__fixedwing_control
[ 88%] Built target drivers__led
[ 88%] Built target modules__airspeed_selector
[ 89%] Built target systemcmds__tune_control
[ 90%] Built target drivers__tone_alarm
[ 90%] Built target FlightTaskFailsafe
[ 92%] Built target FlightTaskTransition
[ 92%] Built target FlightTaskDescend
[ 93%] Built target modules__sensors
[ 93%] Built target FlightTaskOffboard
[ 94%] Built target FlightTaskUtility
[ 94%] Built target FlightTaskManual
[ 95%] Built target drivers__ledsim
[ 96%] Built target FlightTaskManualAltitude
[ 96%] Built target FlightTaskAuto
[ 97%] Built target modules__simulator
[ 97%] Built target FlightTaskManualAltitudeSmoothVel
[ 97%] Built target FlightTaskManualAltitudeSmooth
[ 97%] Built target FlightTaskAutoMapper
[ 97%] Built target FlightTaskManualPosition
[ 97%] Built target FlightTaskAutoFollowMe
[ 97%] Built target FlightTaskAutoMapper2
[ 97%] Built target FlightTaskOrbit
[ 98%] Built target FlightTaskManualPositionSmooth
[ 98%] Built target FlightTaskManualPositionSmoothVel
[ 98%] Built target FlightTaskAutoLineSmoothVel
[ 98%] Built target drivers__gpssim
[100%] Built target FlightTaskAutoLine
[100%] Built target FlightTasks
[100%] Built target modules__mc_pos_control
[100%] Built target px4
[100%] Built target examples__dyn_hello
