Linked: (/root/catkin_ws/devel/.private/px4/share/px4/cmake/px4Config-version.cmake, /root/catkin_ws/devel/share/px4/cmake/px4Config-version.cmake)
Linked: (/root/catkin_ws/devel/.private/px4/share/px4/cmake/px4Config.cmake, /root/catkin_ws/devel/share/px4/cmake/px4Config.cmake)
Linked: (/root/catkin_ws/devel/.private/px4/lib/libmodules__sensors.a, /root/catkin_ws/devel/lib/libmodules__sensors.a)
Linked: (/root/catkin_ws/devel/.private/px4/lib/libsystemcmds__sd_bench.a, /root/catkin_ws/devel/lib/libsystemcmds__sd_bench.a)
Linked: (/root/catkin_ws/devel/.private/px4/lib/libpid.a, /root/catkin_ws/devel/lib/libpid.a)
Linked: (/root/catkin_ws/devel/.private/px4/lib/libsystemcmds__motor_test.a, /root/catkin_ws/devel/lib/libsystemcmds__motor_test.a)
Linked: (/root/catkin_ws/devel/.private/px4/lib/libWeatherVane.a, /root/catkin_ws/devel/lib/libWeatherVane.a)
Linked: (/root/catkin_ws/devel/.private/px4/lib/libairspeed.a, /root/catkin_ws/devel/lib/libairspeed.a)
Linked: (/root/catkin_ws/devel/.private/px4/lib/libsystemcmds__tests.a, /root/catkin_ws/devel/lib/libsystemcmds__tests.a)
Linked: (/root/catkin_ws/devel/.private/px4/lib/libmodules__events.a, /root/catkin_ws/devel/lib/libmodules__events.a)
Linked: (/root/catkin_ws/devel/.private/px4/lib/libmodules__mavlink__mavlink_tests.a, /root/catkin_ws/devel/lib/libmodules__mavlink__mavlink_tests.a)
Linked: (/root/catkin_ws/devel/.private/px4/lib/libFlightTaskManualAltitudeSmoothVel.a, /root/catkin_ws/devel/lib/libFlightTaskManualAltitudeSmoothVel.a)
Linked: (/root/catkin_ws/devel/.private/px4/lib/libpx4_work_queue.a, /root/catkin_ws/devel/lib/libpx4_work_queue.a)
Linked: (/root/catkin_ws/devel/.private/px4/lib/libFlightTaskUtility.a, /root/catkin_ws/devel/lib/libFlightTaskUtility.a)
Linked: (/root/catkin_ws/devel/.private/px4/lib/libparameters.a, /root/catkin_ws/devel/lib/libparameters.a)
Linked: (/root/catkin_ws/devel/.private/px4/lib/libsystemcmds__topic_listener.a, /root/catkin_ws/devel/lib/libsystemcmds__topic_listener.a)
Linked: (/root/catkin_ws/devel/.private/px4/lib/libfailure_detector.a, /root/catkin_ws/devel/lib/libfailure_detector.a)
Linked: (/root/catkin_ws/devel/.private/px4/lib/libecl_geo.a, /root/catkin_ws/devel/lib/libecl_geo.a)
Linked: (/root/catkin_ws/devel/.private/px4/lib/libdrivers_board.a, /root/catkin_ws/devel/lib/libdrivers_board.a)
Linked: (/root/catkin_ws/devel/.private/px4/lib/libdrivers__led.a, /root/catkin_ws/devel/lib/libdrivers__led.a)
Linked: (/root/catkin_ws/devel/.private/px4/lib/libversion.a, /root/catkin_ws/devel/lib/libversion.a)
Linked: (/root/catkin_ws/devel/.private/px4/lib/librc.a, /root/catkin_ws/devel/lib/librc.a)
Linked: (/root/catkin_ws/devel/.private/px4/lib/libmodules__fw_pos_control_l1.a, /root/catkin_ws/devel/lib/libmodules__fw_pos_control_l1.a)
Linked: (/root/catkin_ws/devel/.private/px4/lib/libsystemcmds__work_queue.a, /root/catkin_ws/devel/lib/libsystemcmds__work_queue.a)
Linked: (/root/catkin_ws/devel/.private/px4/lib/libsystemcmds__tests__hrt_test.a, /root/catkin_ws/devel/lib/libsystemcmds__tests__hrt_test.a)
Linked: (/root/catkin_ws/devel/.private/px4/lib/libexamples__px4_mavlink_debug.a, /root/catkin_ws/devel/lib/libexamples__px4_mavlink_debug.a)
Linked: (/root/catkin_ws/devel/.private/px4/lib/libmodules__uORB.a, /root/catkin_ws/devel/lib/libmodules__uORB.a)
Linked: (/root/catkin_ws/devel/.private/px4/lib/libFlightTaskTransition.a, /root/catkin_ws/devel/lib/libFlightTaskTransition.a)
Linked: (/root/catkin_ws/devel/.private/px4/lib/libdf_driver_framework.a, /root/catkin_ws/devel/lib/libdf_driver_framework.a)
Linked: (/root/catkin_ws/devel/.private/px4/lib/libsystemcmds__shutdown.a, /root/catkin_ws/devel/lib/libsystemcmds__shutdown.a)
Linked: (/root/catkin_ws/devel/.private/px4/lib/libmodules__local_position_estimator.a, /root/catkin_ws/devel/lib/libmodules__local_position_estimator.a)
Linked: (/root/catkin_ws/devel/.private/px4/lib/libmodules__navigator.a, /root/catkin_ws/devel/lib/libmodules__navigator.a)
Linked: (/root/catkin_ws/devel/.private/px4/lib/examples__dyn_hello.px4mod, /root/catkin_ws/devel/lib/examples__dyn_hello.px4mod)
Linked: (/root/catkin_ws/devel/.private/px4/lib/libAttitudeControl.a, /root/catkin_ws/devel/lib/libAttitudeControl.a)
Linked: (/root/catkin_ws/devel/.private/px4/lib/libmodules__load_mon.a, /root/catkin_ws/devel/lib/libmodules__load_mon.a)
Linked: (/root/catkin_ws/devel/.private/px4/lib/libmathlib.a, /root/catkin_ws/devel/lib/libmathlib.a)
Linked: (/root/catkin_ws/devel/.private/px4/lib/libmodules__land_detector.a, /root/catkin_ws/devel/lib/libmodules__land_detector.a)
Linked: (/root/catkin_ws/devel/.private/px4/lib/libCollisionPrevention.a, /root/catkin_ws/devel/lib/libCollisionPrevention.a)
Linked: (/root/catkin_ws/devel/.private/px4/lib/libsystemcmds__motor_ramp.a, /root/catkin_ws/devel/lib/libsystemcmds__motor_ramp.a)
Linked: (/root/catkin_ws/devel/.private/px4/lib/libFlightTaskAutoMapper.a, /root/catkin_ws/devel/lib/libFlightTaskAutoMapper.a)
Linked: (/root/catkin_ws/devel/.private/px4/lib/libmodules__commander__commander_tests.a, /root/catkin_ws/devel/lib/libmodules__commander__commander_tests.a)
Linked: (/root/catkin_ws/devel/.private/px4/lib/libecl_l1.a, /root/catkin_ws/devel/lib/libecl_l1.a)
Linked: (/root/catkin_ws/devel/.private/px4/lib/libFlightTaskManualAltitude.a, /root/catkin_ws/devel/lib/libFlightTaskManualAltitude.a)
Linked: (/root/catkin_ws/devel/.private/px4/lib/libsystemcmds__mixer.a, /root/catkin_ws/devel/lib/libsystemcmds__mixer.a)
Linked: (/root/catkin_ws/devel/.private/px4/lib/libvehicle_acceleration.a, /root/catkin_ws/devel/lib/libvehicle_acceleration.a)
Linked: (/root/catkin_ws/devel/.private/px4/lib/libFlightTaskManualPositionSmooth.a, /root/catkin_ws/devel/lib/libFlightTaskManualPositionSmooth.a)
Linked: (/root/catkin_ws/devel/.private/px4/lib/libFlightTasks.a, /root/catkin_ws/devel/lib/libFlightTasks.a)
Linked: (/root/catkin_ws/devel/.private/px4/lib/libarch_tone_alarm.a, /root/catkin_ws/devel/lib/libarch_tone_alarm.a)
Linked: (/root/catkin_ws/devel/.private/px4/lib/libRateControl.a, /root/catkin_ws/devel/lib/libRateControl.a)
Linked: (/root/catkin_ws/devel/.private/px4/lib/libmodules__mc_att_control.a, /root/catkin_ws/devel/lib/libmodules__mc_att_control.a)
Linked: (/root/catkin_ws/devel/.private/px4/lib/libFlightTaskOrbit.a, /root/catkin_ws/devel/lib/libFlightTaskOrbit.a)
Linked: (/root/catkin_ws/devel/.private/px4/lib/libdrivers__ledsim.a, /root/catkin_ws/devel/lib/libdrivers__ledsim.a)
Linked: (/root/catkin_ws/devel/.private/px4/lib/libexamples__hello.a, /root/catkin_ws/devel/lib/libexamples__hello.a)
Linked: (/root/catkin_ws/devel/.private/px4/lib/liboutput_limit.a, /root/catkin_ws/devel/lib/liboutput_limit.a)
Linked: (/root/catkin_ws/devel/.private/px4/lib/libFlightTaskManualPositionSmoothVel.a, /root/catkin_ws/devel/lib/libFlightTaskManualPositionSmoothVel.a)
Linked: (/root/catkin_ws/devel/.private/px4/lib/libsystemcmds__param.a, /root/catkin_ws/devel/lib/libsystemcmds__param.a)
Linked: (/root/catkin_ws/devel/.private/px4/lib/libconversion.a, /root/catkin_ws/devel/lib/libconversion.a)
Linked: (/root/catkin_ws/devel/.private/px4/lib/libsystemcmds__dyn.a, /root/catkin_ws/devel/lib/libsystemcmds__dyn.a)
Linked: (/root/catkin_ws/devel/.private/px4/lib/libexamples__px4_simple_app.a, /root/catkin_ws/devel/lib/libexamples__px4_simple_app.a)
Linked: (/root/catkin_ws/devel/.private/px4/lib/libmodules__simulator.a, /root/catkin_ws/devel/lib/libmodules__simulator.a)
Linked: (/root/catkin_ws/devel/.private/px4/lib/libsystemlib.a, /root/catkin_ws/devel/lib/libsystemlib.a)
Linked: (/root/catkin_ws/devel/.private/px4/lib/libmodules__mavlink.a, /root/catkin_ws/devel/lib/libmodules__mavlink.a)
Linked: (/root/catkin_ws/devel/.private/px4/lib/liblib__work_queue__test__wqueue_test.a, /root/catkin_ws/devel/lib/liblib__work_queue__test__wqueue_test.a)
Linked: (/root/catkin_ws/devel/.private/px4/lib/libbattery.a, /root/catkin_ws/devel/lib/libbattery.a)
Linked: (/root/catkin_ws/devel/.private/px4/lib/libecl_tecs.a, /root/catkin_ws/devel/lib/libecl_tecs.a)
Linked: (/root/catkin_ws/devel/.private/px4/lib/libAirspeedValidator.a, /root/catkin_ws/devel/lib/libAirspeedValidator.a)
Linked: (/root/catkin_ws/devel/.private/px4/lib/libuorb_msgs.a, /root/catkin_ws/devel/lib/libuorb_msgs.a)
Linked: (/root/catkin_ws/devel/.private/px4/lib/liblanding_slope.a, /root/catkin_ws/devel/lib/liblanding_slope.a)
Linked: (/root/catkin_ws/devel/.private/px4/lib/libFlightTaskDescend.a, /root/catkin_ws/devel/lib/libFlightTaskDescend.a)
Linked: (/root/catkin_ws/devel/.private/px4/lib/libsystemcmds__tune_control.a, /root/catkin_ws/devel/lib/libsystemcmds__tune_control.a)
Linked: (/root/catkin_ws/devel/.private/px4/lib/libmodules__uORB__uORB_tests.a, /root/catkin_ws/devel/lib/libmodules__uORB__uORB_tests.a)
Linked: (/root/catkin_ws/devel/.private/px4/lib/libecl_attitude_fw.a, /root/catkin_ws/devel/lib/libecl_attitude_fw.a)
Linked: (/root/catkin_ws/devel/.private/px4/lib/liblib__cdev__test__cdev_test.a, /root/catkin_ws/devel/lib/liblib__cdev__test__cdev_test.a)
Linked: (/root/catkin_ws/devel/.private/px4/lib/libsystemcmds__reboot.a, /root/catkin_ws/devel/lib/libsystemcmds__reboot.a)
Linked: (/root/catkin_ws/devel/.private/px4/lib/liblockstep_scheduler.a, /root/catkin_ws/devel/lib/liblockstep_scheduler.a)
Linked: (/root/catkin_ws/devel/.private/px4/lib/libEkf2Utility.a, /root/catkin_ws/devel/lib/libEkf2Utility.a)
Linked: (/root/catkin_ws/devel/.private/px4/lib/libperf.a, /root/catkin_ws/devel/lib/libperf.a)
Linked: (/root/catkin_ws/devel/.private/px4/lib/libmodules__commander.a, /root/catkin_ws/devel/lib/libmodules__commander.a)
Linked: (/root/catkin_ws/devel/.private/px4/lib/liblib__rc__rc_tests.a, /root/catkin_ws/devel/lib/liblib__rc__rc_tests.a)
Linked: (/root/catkin_ws/devel/.private/px4/lib/libFlightTaskOffboard.a, /root/catkin_ws/devel/lib/libFlightTaskOffboard.a)
Linked: (/root/catkin_ws/devel/.private/px4/lib/libmodules__camera_feedback.a, /root/catkin_ws/devel/lib/libmodules__camera_feedback.a)
Linked: (/root/catkin_ws/devel/.private/px4/lib/liblaunchdetection.a, /root/catkin_ws/devel/lib/liblaunchdetection.a)
Linked: (/root/catkin_ws/devel/.private/px4/lib/libmodules__vtol_att_control.a, /root/catkin_ws/devel/lib/libmodules__vtol_att_control.a)
Linked: (/root/catkin_ws/devel/.private/px4/lib/libvehicle_angular_velocity.a, /root/catkin_ws/devel/lib/libvehicle_angular_velocity.a)
Linked: (/root/catkin_ws/devel/.private/px4/lib/libhysteresis.a, /root/catkin_ws/devel/lib/libhysteresis.a)
Linked: (/root/catkin_ws/devel/.private/px4/lib/libcontrollib.a, /root/catkin_ws/devel/lib/libcontrollib.a)
Linked: (/root/catkin_ws/devel/.private/px4/lib/libsystemcmds__pwm.a, /root/catkin_ws/devel/lib/libsystemcmds__pwm.a)
Linked: (/root/catkin_ws/devel/.private/px4/lib/libtinybson.a, /root/catkin_ws/devel/lib/libtinybson.a)
Linked: (/root/catkin_ws/devel/.private/px4/lib/libsystemcmds__perf.a, /root/catkin_ws/devel/lib/libsystemcmds__perf.a)
Linked: (/root/catkin_ws/devel/.private/px4/lib/libdrivers__gps.a, /root/catkin_ws/devel/lib/libdrivers__gps.a)
Linked: (/root/catkin_ws/devel/.private/px4/lib/libTakeoff.a, /root/catkin_ws/devel/lib/libTakeoff.a)
Linked: (/root/catkin_ws/devel/.private/px4/lib/libmodules__airspeed_selector.a, /root/catkin_ws/devel/lib/libmodules__airspeed_selector.a)
Linked: (/root/catkin_ws/devel/.private/px4/lib/libdrivers_magnetometer.a, /root/catkin_ws/devel/lib/libdrivers_magnetometer.a)
Linked: (/root/catkin_ws/devel/.private/px4/lib/libFlightTaskManualPosition.a, /root/catkin_ws/devel/lib/libFlightTaskManualPosition.a)
Linked: (/root/catkin_ws/devel/.private/px4/lib/libpx4_layer.a, /root/catkin_ws/devel/lib/libpx4_layer.a)
Linked: (/root/catkin_ws/devel/.private/px4/lib/libecl_EKF.a, /root/catkin_ws/devel/lib/libecl_EKF.a)
Linked: (/root/catkin_ws/devel/.private/px4/lib/libsystemcmds__ver.a, /root/catkin_ws/devel/lib/libsystemcmds__ver.a)
Linked: (/root/catkin_ws/devel/.private/px4/lib/libFlightTaskManual.a, /root/catkin_ws/devel/lib/libFlightTaskManual.a)
Linked: (/root/catkin_ws/devel/.private/px4/lib/libmodules__mc_pos_control.a, /root/catkin_ws/devel/lib/libmodules__mc_pos_control.a)
Linked: (/root/catkin_ws/devel/.private/px4/lib/libwork_queue.a, /root/catkin_ws/devel/lib/libwork_queue.a)
Linked: (/root/catkin_ws/devel/.private/px4/lib/libcdev.a, /root/catkin_ws/devel/lib/libcdev.a)
Linked: (/root/catkin_ws/devel/.private/px4/lib/libdrivers__vmount.a, /root/catkin_ws/devel/lib/libdrivers__vmount.a)
Linked: (/root/catkin_ws/devel/.private/px4/lib/libmodules__rover_pos_control.a, /root/catkin_ws/devel/lib/libmodules__rover_pos_control.a)
Linked: (/root/catkin_ws/devel/.private/px4/lib/libsystemcmds__top.a, /root/catkin_ws/devel/lib/libsystemcmds__top.a)
Linked: (/root/catkin_ws/devel/.private/px4/lib/libdrivers__camera_trigger.a, /root/catkin_ws/devel/lib/libdrivers__camera_trigger.a)
Linked: (/root/catkin_ws/devel/.private/px4/lib/libmodules__attitude_estimator_q.a, /root/catkin_ws/devel/lib/libmodules__attitude_estimator_q.a)
Linked: (/root/catkin_ws/devel/.private/px4/lib/libecl_airdata.a, /root/catkin_ws/devel/lib/libecl_airdata.a)
Linked: (/root/catkin_ws/devel/.private/px4/lib/libmixer.a, /root/catkin_ws/devel/lib/libmixer.a)
Linked: (/root/catkin_ws/devel/.private/px4/lib/libFlightTaskAuto.a, /root/catkin_ws/devel/lib/libFlightTaskAuto.a)
Linked: (/root/catkin_ws/devel/.private/px4/lib/libmodules__logger.a, /root/catkin_ws/devel/lib/libmodules__logger.a)
Linked: (/root/catkin_ws/devel/.private/px4/lib/libdrivers__tone_alarm.a, /root/catkin_ws/devel/lib/libdrivers__tone_alarm.a)
Linked: (/root/catkin_ws/devel/.private/px4/lib/libFlightTask.a, /root/catkin_ws/devel/lib/libFlightTask.a)
Linked: (/root/catkin_ws/devel/.private/px4/lib/libmodules__ekf2.a, /root/catkin_ws/devel/lib/libmodules__ekf2.a)
Linked: (/root/catkin_ws/devel/.private/px4/lib/libpx4_platform.a, /root/catkin_ws/devel/lib/libpx4_platform.a)
Linked: (/root/catkin_ws/devel/.private/px4/lib/libdrivers_gyroscope.a, /root/catkin_ws/devel/lib/libdrivers_gyroscope.a)
Linked: (/root/catkin_ws/devel/.private/px4/lib/libpx4_daemon.a, /root/catkin_ws/devel/lib/libpx4_daemon.a)
Linked: (/root/catkin_ws/devel/.private/px4/lib/libFlightTaskManualAltitudeSmooth.a, /root/catkin_ws/devel/lib/libFlightTaskManualAltitudeSmooth.a)
Linked: (/root/catkin_ws/devel/.private/px4/lib/libmodules__dataman.a, /root/catkin_ws/devel/lib/libmodules__dataman.a)
Linked: (/root/catkin_ws/devel/.private/px4/lib/libFlightTaskAutoLineSmoothVel.a, /root/catkin_ws/devel/lib/libFlightTaskAutoLineSmoothVel.a)
Linked: (/root/catkin_ws/devel/.private/px4/lib/libsystemcmds__esc_calib.a, /root/catkin_ws/devel/lib/libsystemcmds__esc_calib.a)
Linked: (/root/catkin_ws/devel/.private/px4/lib/libFlightTaskAutoMapper2.a, /root/catkin_ws/devel/lib/libFlightTaskAutoMapper2.a)
Linked: (/root/catkin_ws/devel/.private/px4/lib/libdrivers_accelerometer.a, /root/catkin_ws/devel/lib/libdrivers_accelerometer.a)
Linked: (/root/catkin_ws/devel/.private/px4/lib/libmodules__replay.a, /root/catkin_ws/devel/lib/libmodules__replay.a)
Linked: (/root/catkin_ws/devel/.private/px4/lib/libdrivers__gpssim.a, /root/catkin_ws/devel/lib/libdrivers__gpssim.a)
Linked: (/root/catkin_ws/devel/.private/px4/lib/libmixer_module.a, /root/catkin_ws/devel/lib/libmixer_module.a)
Linked: (/root/catkin_ws/devel/.private/px4/lib/librunway_takeoff.a, /root/catkin_ws/devel/lib/librunway_takeoff.a)
Linked: (/root/catkin_ws/devel/.private/px4/lib/libmodules__fw_att_control.a, /root/catkin_ws/devel/lib/libmodules__fw_att_control.a)
Linked: (/root/catkin_ws/devel/.private/px4/lib/libcircuit_breaker.a, /root/catkin_ws/devel/lib/libcircuit_breaker.a)
Linked: (/root/catkin_ws/devel/.private/px4/lib/libmodules__bottle_drop.a, /root/catkin_ws/devel/lib/libmodules__bottle_drop.a)
Linked: (/root/catkin_ws/devel/.private/px4/lib/libdrivers__device.a, /root/catkin_ws/devel/lib/libdrivers__device.a)
Linked: (/root/catkin_ws/devel/.private/px4/lib/libecl_geo_lookup.a, /root/catkin_ws/devel/lib/libecl_geo_lookup.a)
Linked: (/root/catkin_ws/devel/.private/px4/lib/libexamples__fixedwing_control.a, /root/catkin_ws/devel/lib/libexamples__fixedwing_control.a)
Linked: (/root/catkin_ws/devel/.private/px4/lib/libmodules__landing_target_estimator.a, /root/catkin_ws/devel/lib/libmodules__landing_target_estimator.a)
Linked: (/root/catkin_ws/devel/.private/px4/lib/libdrivers__pwm_out_sim.a, /root/catkin_ws/devel/lib/libdrivers__pwm_out_sim.a)
Linked: (/root/catkin_ws/devel/.private/px4/lib/libFlightTaskFailsafe.a, /root/catkin_ws/devel/lib/libFlightTaskFailsafe.a)
Linked: (/root/catkin_ws/devel/.private/px4/lib/libdrivers_barometer.a, /root/catkin_ws/devel/lib/libdrivers_barometer.a)
Linked: (/root/catkin_ws/devel/.private/px4/lib/libecl_validation.a, /root/catkin_ws/devel/lib/libecl_validation.a)
Linked: (/root/catkin_ws/devel/.private/px4/lib/liblib__controllib__controllib_test.a, /root/catkin_ws/devel/lib/liblib__controllib__controllib_test.a)
Linked: (/root/catkin_ws/devel/.private/px4/lib/libsystemcmds__led_control.a, /root/catkin_ws/devel/lib/libsystemcmds__led_control.a)
Linked: (/root/catkin_ws/devel/.private/px4/lib/libFlightTaskAutoFollowMe.a, /root/catkin_ws/devel/lib/libFlightTaskAutoFollowMe.a)
Linked: (/root/catkin_ws/devel/.private/px4/lib/libexamples__rover_steering_control.a, /root/catkin_ws/devel/lib/libexamples__rover_steering_control.a)
Linked: (/root/catkin_ws/devel/.private/px4/lib/libtunes.a, /root/catkin_ws/devel/lib/libtunes.a)
Linked: (/root/catkin_ws/devel/.private/px4/lib/libFlightTaskAutoLine.a, /root/catkin_ws/devel/lib/libFlightTaskAutoLine.a)
Linked: (/root/catkin_ws/devel/.private/px4/lib/pkgconfig/px4.pc, /root/catkin_ws/devel/lib/pkgconfig/px4.pc)
Linked: (/root/catkin_ws/devel/.private/px4/lib/px4/px4-tone_alarm, /root/catkin_ws/devel/lib/px4/px4-tone_alarm)
Linked: (/root/catkin_ws/devel/.private/px4/lib/px4/px4-reboot, /root/catkin_ws/devel/lib/px4/px4-reboot)
Linked: (/root/catkin_ws/devel/.private/px4/lib/px4/px4-tune_control, /root/catkin_ws/devel/lib/px4/px4-tune_control)
Linked: (/root/catkin_ws/devel/.private/px4/lib/px4/px4-mavlink, /root/catkin_ws/devel/lib/px4/px4-mavlink)
Linked: (/root/catkin_ws/devel/.private/px4/lib/px4/px4-local_position_estimator, /root/catkin_ws/devel/lib/px4/px4-local_position_estimator)
Linked: (/root/catkin_ws/devel/.private/px4/lib/px4/px4-mc_att_control, /root/catkin_ws/devel/lib/px4/px4-mc_att_control)
Linked: (/root/catkin_ws/devel/.private/px4/lib/px4/px4-load_mon, /root/catkin_ws/devel/lib/px4/px4-load_mon)
Linked: (/root/catkin_ws/devel/.private/px4/lib/px4/px4-work_queue, /root/catkin_ws/devel/lib/px4/px4-work_queue)
Linked: (/root/catkin_ws/devel/.private/px4/lib/px4/px4-camera_feedback, /root/catkin_ws/devel/lib/px4/px4-camera_feedback)
Linked: (/root/catkin_ws/devel/.private/px4/lib/px4/px4-rover_pos_control, /root/catkin_ws/devel/lib/px4/px4-rover_pos_control)
Linked: (/root/catkin_ws/devel/.private/px4/lib/px4/px4-commander_tests, /root/catkin_ws/devel/lib/px4/px4-commander_tests)
Linked: (/root/catkin_ws/devel/.private/px4/lib/px4/px4-ekf2, /root/catkin_ws/devel/lib/px4/px4-ekf2)
Linked: (/root/catkin_ws/devel/.private/px4/lib/px4/px4-logger, /root/catkin_ws/devel/lib/px4/px4-logger)
Linked: (/root/catkin_ws/devel/.private/px4/lib/px4/px4-perf, /root/catkin_ws/devel/lib/px4/px4-perf)
Linked: (/root/catkin_ws/devel/.private/px4/lib/px4/px4-sensors, /root/catkin_ws/devel/lib/px4/px4-sensors)
Linked: (/root/catkin_ws/devel/.private/px4/lib/px4/px4-landing_target_estimator, /root/catkin_ws/devel/lib/px4/px4-landing_target_estimator)
Linked: (/root/catkin_ws/devel/.private/px4/lib/px4/px4-param, /root/catkin_ws/devel/lib/px4/px4-param)
Linked: (/root/catkin_ws/devel/.private/px4/lib/px4/px4-px4_simple_app, /root/catkin_ws/devel/lib/px4/px4-px4_simple_app)
Linked: (/root/catkin_ws/devel/.private/px4/lib/px4/px4-tests, /root/catkin_ws/devel/lib/px4/px4-tests)
Linked: (/root/catkin_ws/devel/.private/px4/lib/px4/px4-px4_mavlink_debug, /root/catkin_ws/devel/lib/px4/px4-px4_mavlink_debug)
Linked: (/root/catkin_ws/devel/.private/px4/lib/px4/px4-replay, /root/catkin_ws/devel/lib/px4/px4-replay)
Linked: (/root/catkin_ws/devel/.private/px4/lib/px4/px4-ex_fixedwing_control, /root/catkin_ws/devel/lib/px4/px4-ex_fixedwing_control)
Linked: (/root/catkin_ws/devel/.private/px4/lib/px4/px4-commander, /root/catkin_ws/devel/lib/px4/px4-commander)
Linked: (/root/catkin_ws/devel/.private/px4/lib/px4/px4-pwm_out_sim, /root/catkin_ws/devel/lib/px4/px4-pwm_out_sim)
Linked: (/root/catkin_ws/devel/.private/px4/lib/px4/px4-gpssim, /root/catkin_ws/devel/lib/px4/px4-gpssim)
Linked: (/root/catkin_ws/devel/.private/px4/lib/px4/px4-hello, /root/catkin_ws/devel/lib/px4/px4-hello)
Linked: (/root/catkin_ws/devel/.private/px4/lib/px4/px4-alias.sh, /root/catkin_ws/devel/lib/px4/px4-alias.sh)
Linked: (/root/catkin_ws/devel/.private/px4/lib/px4/px4-send_event, /root/catkin_ws/devel/lib/px4/px4-send_event)
Linked: (/root/catkin_ws/devel/.private/px4/lib/px4/px4-ver, /root/catkin_ws/devel/lib/px4/px4-ver)
Linked: (/root/catkin_ws/devel/.private/px4/lib/px4/px4-top, /root/catkin_ws/devel/lib/px4/px4-top)
Linked: (/root/catkin_ws/devel/.private/px4/lib/px4/px4-mc_pos_control, /root/catkin_ws/devel/lib/px4/px4-mc_pos_control)
Linked: (/root/catkin_ws/devel/.private/px4/lib/px4/px4-pwm, /root/catkin_ws/devel/lib/px4/px4-pwm)
Linked: (/root/catkin_ws/devel/.private/px4/lib/px4/px4-fw_att_control, /root/catkin_ws/devel/lib/px4/px4-fw_att_control)
Linked: (/root/catkin_ws/devel/.private/px4/lib/px4/px4-shutdown, /root/catkin_ws/devel/lib/px4/px4-shutdown)
Linked: (/root/catkin_ws/devel/.private/px4/lib/px4/px4, /root/catkin_ws/devel/lib/px4/px4)
Linked: (/root/catkin_ws/devel/.private/px4/lib/px4/px4-mixer, /root/catkin_ws/devel/lib/px4/px4-mixer)
Linked: (/root/catkin_ws/devel/.private/px4/lib/px4/px4-motor_test, /root/catkin_ws/devel/lib/px4/px4-motor_test)
Linked: (/root/catkin_ws/devel/.private/px4/lib/px4/px4-hrt_test, /root/catkin_ws/devel/lib/px4/px4-hrt_test)
Linked: (/root/catkin_ws/devel/.private/px4/lib/px4/px4-land_detector, /root/catkin_ws/devel/lib/px4/px4-land_detector)
Linked: (/root/catkin_ws/devel/.private/px4/lib/px4/px4-camera_trigger, /root/catkin_ws/devel/lib/px4/px4-camera_trigger)
Linked: (/root/catkin_ws/devel/.private/px4/lib/px4/px4-airspeed_selector, /root/catkin_ws/devel/lib/px4/px4-airspeed_selector)
Linked: (/root/catkin_ws/devel/.private/px4/lib/px4/px4-motor_ramp, /root/catkin_ws/devel/lib/px4/px4-motor_ramp)
Linked: (/root/catkin_ws/devel/.private/px4/lib/px4/px4-uorb, /root/catkin_ws/devel/lib/px4/px4-uorb)
Linked: (/root/catkin_ws/devel/.private/px4/lib/px4/px4-wqueue_test, /root/catkin_ws/devel/lib/px4/px4-wqueue_test)
Linked: (/root/catkin_ws/devel/.private/px4/lib/px4/px4-controllib_test, /root/catkin_ws/devel/lib/px4/px4-controllib_test)
Linked: (/root/catkin_ws/devel/.private/px4/lib/px4/px4-vmount, /root/catkin_ws/devel/lib/px4/px4-vmount)
Linked: (/root/catkin_ws/devel/.private/px4/lib/px4/px4-bottle_drop, /root/catkin_ws/devel/lib/px4/px4-bottle_drop)
Linked: (/root/catkin_ws/devel/.private/px4/lib/px4/px4-dataman, /root/catkin_ws/devel/lib/px4/px4-dataman)
Linked: (/root/catkin_ws/devel/.private/px4/lib/px4/px4-cdev_test, /root/catkin_ws/devel/lib/px4/px4-cdev_test)
Linked: (/root/catkin_ws/devel/.private/px4/lib/px4/px4-sd_bench, /root/catkin_ws/devel/lib/px4/px4-sd_bench)
Linked: (/root/catkin_ws/devel/.private/px4/lib/px4/px4-fw_pos_control_l1, /root/catkin_ws/devel/lib/px4/px4-fw_pos_control_l1)
Linked: (/root/catkin_ws/devel/.private/px4/lib/px4/px4-vtol_att_control, /root/catkin_ws/devel/lib/px4/px4-vtol_att_control)
Linked: (/root/catkin_ws/devel/.private/px4/lib/px4/px4-rover_steering_control, /root/catkin_ws/devel/lib/px4/px4-rover_steering_control)
Linked: (/root/catkin_ws/devel/.private/px4/lib/px4/px4-rc_tests, /root/catkin_ws/devel/lib/px4/px4-rc_tests)
Linked: (/root/catkin_ws/devel/.private/px4/lib/px4/px4-navigator, /root/catkin_ws/devel/lib/px4/px4-navigator)
Linked: (/root/catkin_ws/devel/.private/px4/lib/px4/px4-led_control, /root/catkin_ws/devel/lib/px4/px4-led_control)
Linked: (/root/catkin_ws/devel/.private/px4/lib/px4/px4-attitude_estimator_q, /root/catkin_ws/devel/lib/px4/px4-attitude_estimator_q)
Linked: (/root/catkin_ws/devel/.private/px4/lib/px4/px4-simulator, /root/catkin_ws/devel/lib/px4/px4-simulator)
Linked: (/root/catkin_ws/devel/.private/px4/lib/px4/px4-gps, /root/catkin_ws/devel/lib/px4/px4-gps)
Linked: (/root/catkin_ws/devel/.private/px4/lib/px4/px4-esc_calib, /root/catkin_ws/devel/lib/px4/px4-esc_calib)
Linked: (/root/catkin_ws/devel/.private/px4/lib/px4/px4-dyn, /root/catkin_ws/devel/lib/px4/px4-dyn)
Linked: (/root/catkin_ws/devel/.private/px4/lib/px4/px4-mavlink_tests, /root/catkin_ws/devel/lib/px4/px4-mavlink_tests)
Linked: (/root/catkin_ws/devel/.private/px4/lib/px4/px4-listener, /root/catkin_ws/devel/lib/px4/px4-listener)
Linked: (/root/catkin_ws/devel/.private/px4/lib/px4/px4-uorb_tests, /root/catkin_ws/devel/lib/px4/px4-uorb_tests)
