[  0%] Built target mixer_gen_6dof
[  0%] Built target mixer_gen
[  0%] Built target lockstep_scheduler
[  0%] Built target ver_gen
[  0%] Built target git_mavlink_v2
[  0%] Built target git_ecl
[  1%] Built target drivers_board
[  1%] Built target uorb_headers
[  1%] [34m[1mGenerating ../../logs[0m
[  3%] Built target df_driver_framework
[  3%] Built target git_gps_devices
[  3%] Built target logs_symlink
[  3%] Built target ecl_geo_lookup
[  3%] Built target ecl_airdata
[  3%] Built target ecl_geo
[  3%] Built target ecl_validation
[  3%] Built target ecl_tecs
[  4%] Built target perf
[  4%] Built target version
[  4%] Built target tinybson
[  5%] Built target rc
[  6%] Built target mixer
[  7%] Built target ecl_attitude_fw
[ 10%] Built target work_queue
[ 11%] Built target ecl_l1
[ 12%] Built target parameters
[ 30%] Built target uorb_msgs
[ 31%] Built target modules__uORB
[ 32%] Built target generate_topic_listener
[ 34%] Built target px4_work_queue
[ 35%] Built target px4_platform
[ 36%] Built target px4_daemon
[ 37%] Built target px4_layer
[ 38%] Built target systemlib
[ 39%] Built target cdev
[ 40%] Built target airspeed
[ 40%] Built target drivers_magnetometer
[ 40%] Built target arch_tone_alarm
[ 40%] Built target lib__controllib__controllib_test
[ 40%] Built target drivers_barometer
[ 40%] Built target WeatherVane
[ 40%] Built target circuit_breaker
[ 40%] Built target CollisionPrevention
[ 41%] Built target drivers__device
[ 41%] Built target lib__work_queue__test__wqueue_test
[ 43%] Built target controllib
[ 43%] Built target modules__uORB__uORB_tests
[ 43%] Built target runway_takeoff
[ 44%] Built target modules__fw_att_control
[ 44%] Built target tunes
[ 44%] Built target launchdetection
[ 44%] Built target modules__dataman
[ 45%] Built target systemcmds__tests__hrt_test
[ 45%] Built target systemcmds__perf
[ 45%] Built target modules__camera_feedback
[ 45%] Built target failure_detector
[ 46%] Built target mixer_module
[ 46%] Built target output_limit
[ 46%] Built target systemcmds__pwm
[ 47%] Built target systemcmds__reboot
[ 47%] Built target pid
[ 47%] Built target systemcmds__shutdown
[ 48%] Built target landing_slope
[ 50%] Built target drivers__gps
[ 51%] Built target mathlib
[ 51%] Built target hysteresis
[ 52%] Built target drivers__camera_trigger
[ 52%] Built target AirspeedValidator
[ 53%] Built target modules__events
[ 53%] Built target conversion
[ 53%] Built target systemcmds__param
[ 54%] Built target lib__cdev__test__cdev_test
[ 54%] Built target FlightTask
[ 54%] Built target systemcmds__mixer
[ 54%] Built target systemcmds__sd_bench
[ 55%] Built target systemcmds__motor_test
[ 55%] Built target systemcmds__motor_ramp
[ 55%] Built target Takeoff
[ 55%] Built target vehicle_acceleration
[ 55%] Built target AttitudeControl
[ 55%] Built target systemcmds__led_control
[ 55%] Built target systemcmds__top
[ 56%] Built target systemcmds__esc_calib
[ 56%] Built target systemcmds__topic_listener
[ 56%] Built target modules__load_mon
[ 57%] Built target modules__landing_target_estimator
[ 58%] Built target modules__commander__commander_tests
[ 58%] Built target examples__hello
[ 59%] Built target examples__px4_mavlink_debug
[ 60%] Built target modules__vtol_att_control
[ 60%] Built target systemcmds__dyn
[ 61%] Built target lib__rc__rc_tests
[ 61%] Built target FlightTaskFailsafe
[ 61%] Built target drivers__pwm_out_sim
[ 61%] Built target modules__attitude_estimator_q
[ 62%] Built target drivers__tone_alarm
[ 63%] Built target Ekf2Utility
[ 63%] Built target FlightTaskManual
[ 64%] Built target FlightTaskDescend
[ 64%] Built target drivers_accelerometer
[ 64%] Built target battery
[ 65%] Built target FlightTaskTransition
[ 68%] Built target ecl_EKF
[ 69%] Built target FlightTaskUtility
[ 71%] Built target modules__commander
[ 71%] Built target vehicle_angular_velocity
[ 71%] Built target systemcmds__ver
[ 72%] Built target drivers__vmount
[ 72%] Built target modules__airspeed_selector
[ 78%] Built target systemcmds__tests
[ 79%] Built target systemcmds__tune_control
[ 80%] Built target modules__bottle_drop
[ 81%] Built target examples__fixedwing_control
[ 81%] Built target systemcmds__work_queue
[ 81%] Built target modules__rover_pos_control
[ 81%] Built target examples__px4_simple_app
[ 82%] Built target FlightTaskManualAltitude
[ 82%] Built target modules__ekf2
[ 82%] Built target drivers_gyroscope
[ 82%] Built target FlightTaskAuto
[ 82%] Built target modules__mavlink__mavlink_tests
[ 82%] Built target FlightTaskManualAltitudeSmoothVel
[ 82%] Built target FlightTaskManualAltitudeSmooth
[ 82%] Built target FlightTaskManualPosition
[ 82%] Built target FlightTaskAutoMapper
[ 82%] Built target FlightTaskAutoFollowMe
[ 82%] Built target FlightTaskAutoMapper2
[ 82%] Built target FlightTaskAutoLineSmoothVel
[ 82%] Built target FlightTaskOrbit
[ 84%] Built target modules__sensors
[ 85%] Built target modules__local_position_estimator
[ 85%] Built target examples__rover_steering_control
[ 86%] Built target FlightTaskAutoLine
[ 87%] Built target FlightTaskManualPositionSmooth
[ 87%] Built target FlightTaskManualPositionSmoothVel
[ 88%] Built target modules__logger
[ 88%] Built target modules__fw_pos_control_l1
[ 88%] Built target modules__replay
[ 88%] Built target drivers__led
[ 88%] Built target FlightTaskOffboard
[ 89%] Built target RateControl
[ 90%] Built target modules__land_detector
[ 93%] Built target modules__navigator
[ 94%] Built target drivers__ledsim
[ 94%] Built target FlightTasks
[ 95%] Built target modules__mc_att_control
[ 96%] Built target modules__simulator
[ 96%] Built target modules__mc_pos_control
[100%] Built target modules__mavlink
[100%] Built target drivers__gpssim
[100%] Built target px4
[100%] Built target examples__dyn_hello
