Linked: (/root/catkin_ws/devel/.private/apriltags_ros/share/apriltags_ros/cmake/apriltags_rosConfig-version.cmake, /root/catkin_ws/devel/share/apriltags_ros/cmake/apriltags_rosConfig-version.cmake)
Linked: (/root/catkin_ws/devel/.private/apriltags_ros/share/apriltags_ros/cmake/apriltags_ros-msg-extras.cmake, /root/catkin_ws/devel/share/apriltags_ros/cmake/apriltags_ros-msg-extras.cmake)
Linked: (/root/catkin_ws/devel/.private/apriltags_ros/share/apriltags_ros/cmake/apriltags_ros-msg-paths.cmake, /root/catkin_ws/devel/share/apriltags_ros/cmake/apriltags_ros-msg-paths.cmake)
Linked: (/root/catkin_ws/devel/.private/apriltags_ros/share/apriltags_ros/cmake/apriltags_rosConfig.cmake, /root/catkin_ws/devel/share/apriltags_ros/cmake/apriltags_rosConfig.cmake)
Linked: (/root/catkin_ws/devel/.private/apriltags_ros/share/common-lisp/ros/apriltags_ros/msg/_package_AprilTagDetection.lisp, /root/catkin_ws/devel/share/common-lisp/ros/apriltags_ros/msg/_package_AprilTagDetection.lisp)
Linked: (/root/catkin_ws/devel/.private/apriltags_ros/share/common-lisp/ros/apriltags_ros/msg/AprilTagDetectionArray.lisp, /root/catkin_ws/devel/share/common-lisp/ros/apriltags_ros/msg/AprilTagDetectionArray.lisp)
Linked: (/root/catkin_ws/devel/.private/apriltags_ros/share/common-lisp/ros/apriltags_ros/msg/_package_AprilTagDetectionArray.lisp, /root/catkin_ws/devel/share/common-lisp/ros/apriltags_ros/msg/_package_AprilTagDetectionArray.lisp)
Linked: (/root/catkin_ws/devel/.private/apriltags_ros/share/common-lisp/ros/apriltags_ros/msg/apriltags_ros-msg.asd, /root/catkin_ws/devel/share/common-lisp/ros/apriltags_ros/msg/apriltags_ros-msg.asd)
Linked: (/root/catkin_ws/devel/.private/apriltags_ros/share/common-lisp/ros/apriltags_ros/msg/_package.lisp, /root/catkin_ws/devel/share/common-lisp/ros/apriltags_ros/msg/_package.lisp)
Linked: (/root/catkin_ws/devel/.private/apriltags_ros/share/common-lisp/ros/apriltags_ros/msg/AprilTagDetection.lisp, /root/catkin_ws/devel/share/common-lisp/ros/apriltags_ros/msg/AprilTagDetection.lisp)
Linked: (/root/catkin_ws/devel/.private/apriltags_ros/share/gennodejs/ros/apriltags_ros/_index.js, /root/catkin_ws/devel/share/gennodejs/ros/apriltags_ros/_index.js)
Linked: (/root/catkin_ws/devel/.private/apriltags_ros/share/gennodejs/ros/apriltags_ros/msg/AprilTagDetection.js, /root/catkin_ws/devel/share/gennodejs/ros/apriltags_ros/msg/AprilTagDetection.js)
Linked: (/root/catkin_ws/devel/.private/apriltags_ros/share/gennodejs/ros/apriltags_ros/msg/_index.js, /root/catkin_ws/devel/share/gennodejs/ros/apriltags_ros/msg/_index.js)
Linked: (/root/catkin_ws/devel/.private/apriltags_ros/share/gennodejs/ros/apriltags_ros/msg/AprilTagDetectionArray.js, /root/catkin_ws/devel/share/gennodejs/ros/apriltags_ros/msg/AprilTagDetectionArray.js)
Linked: (/root/catkin_ws/devel/.private/apriltags_ros/share/roseus/ros/apriltags_ros/manifest.l, /root/catkin_ws/devel/share/roseus/ros/apriltags_ros/manifest.l)
Linked: (/root/catkin_ws/devel/.private/apriltags_ros/share/roseus/ros/apriltags_ros/msg/AprilTagDetection.l, /root/catkin_ws/devel/share/roseus/ros/apriltags_ros/msg/AprilTagDetection.l)
Linked: (/root/catkin_ws/devel/.private/apriltags_ros/share/roseus/ros/apriltags_ros/msg/AprilTagDetectionArray.l, /root/catkin_ws/devel/share/roseus/ros/apriltags_ros/msg/AprilTagDetectionArray.l)
Linked: (/root/catkin_ws/devel/.private/apriltags_ros/include/apriltags_ros/AprilTagDetectionArray.h, /root/catkin_ws/devel/include/apriltags_ros/AprilTagDetectionArray.h)
Linked: (/root/catkin_ws/devel/.private/apriltags_ros/include/apriltags_ros/AprilTagDetection.h, /root/catkin_ws/devel/include/apriltags_ros/AprilTagDetection.h)
Linked: (/root/catkin_ws/devel/.private/apriltags_ros/lib/libapriltag_detector.so, /root/catkin_ws/devel/lib/libapriltag_detector.so)
Linked: (/root/catkin_ws/devel/.private/apriltags_ros/lib/libapriltag_detector_nodelet.so, /root/catkin_ws/devel/lib/libapriltag_detector_nodelet.so)
Linked: (/root/catkin_ws/devel/.private/apriltags_ros/lib/apriltags_ros/apriltag_detector_node, /root/catkin_ws/devel/lib/apriltags_ros/apriltag_detector_node)
Linked: (/root/catkin_ws/devel/.private/apriltags_ros/lib/pkgconfig/apriltags_ros.pc, /root/catkin_ws/devel/lib/pkgconfig/apriltags_ros.pc)
Linked: (/root/catkin_ws/devel/.private/apriltags_ros/lib/python2.7/dist-packages/apriltags_ros/__init__.py, /root/catkin_ws/devel/lib/python2.7/dist-packages/apriltags_ros/__init__.py)
Linked: (/root/catkin_ws/devel/.private/apriltags_ros/lib/python2.7/dist-packages/apriltags_ros/msg/__init__.py, /root/catkin_ws/devel/lib/python2.7/dist-packages/apriltags_ros/msg/__init__.py)
Linked: (/root/catkin_ws/devel/.private/apriltags_ros/lib/python2.7/dist-packages/apriltags_ros/msg/_AprilTagDetection.py, /root/catkin_ws/devel/lib/python2.7/dist-packages/apriltags_ros/msg/_AprilTagDetection.py)
Linked: (/root/catkin_ws/devel/.private/apriltags_ros/lib/python2.7/dist-packages/apriltags_ros/msg/_AprilTagDetectionArray.py, /root/catkin_ws/devel/lib/python2.7/dist-packages/apriltags_ros/msg/_AprilTagDetectionArray.py)
