Symlinking /root/catkin_ws/devel/share/common-lisp/ros/gazebo_ros_link_attacher/srv/_package_Attach.lisp
Symlinking /root/catkin_ws/devel/share/common-lisp/ros/gazebo_ros_link_attacher/srv/Attach.lisp
Symlinking /root/catkin_ws/devel/share/common-lisp/ros/gazebo_ros_link_attacher/srv/_package.lisp
Symlinking /root/catkin_ws/devel/share/common-lisp/ros/gazebo_ros_link_attacher/srv/gazebo_ros_link_attacher-srv.asd
Symlinking /root/catkin_ws/devel/share/gennodejs/ros/gazebo_ros_link_attacher/_index.js
Symlinking /root/catkin_ws/devel/share/gennodejs/ros/gazebo_ros_link_attacher/srv/_index.js
Symlinking /root/catkin_ws/devel/share/gennodejs/ros/gazebo_ros_link_attacher/srv/Attach.js
Symlinking /root/catkin_ws/devel/share/roseus/ros/gazebo_ros_link_attacher/manifest.l
Symlinking /root/catkin_ws/devel/share/roseus/ros/gazebo_ros_link_attacher/srv/Attach.l
Symlinking /root/catkin_ws/devel/share/gazebo_ros_link_attacher/cmake/gazebo_ros_link_attacherConfig-version.cmake
Symlinking /root/catkin_ws/devel/share/gazebo_ros_link_attacher/cmake/gazebo_ros_link_attacher-msg-paths.cmake
Symlinking /root/catkin_ws/devel/share/gazebo_ros_link_attacher/cmake/gazebo_ros_link_attacher-msg-extras.cmake
Symlinking /root/catkin_ws/devel/share/gazebo_ros_link_attacher/cmake/gazebo_ros_link_attacherConfig.cmake
Symlinking /root/catkin_ws/devel/include/gazebo_ros_link_attacher/Attach.h
Symlinking /root/catkin_ws/devel/include/gazebo_ros_link_attacher/AttachRequest.h
Symlinking /root/catkin_ws/devel/include/gazebo_ros_link_attacher/AttachResponse.h
Symlinking /root/catkin_ws/devel/lib/libgazebo_ros_link_attacher.so
Symlinking /root/catkin_ws/devel/lib/pkgconfig/gazebo_ros_link_attacher.pc
Symlinking /root/catkin_ws/devel/lib/python2.7/dist-packages/gazebo_ros_link_attacher/__init__.py
Symlinking /root/catkin_ws/devel/lib/python2.7/dist-packages/gazebo_ros_link_attacher/srv/__init__.py
Symlinking /root/catkin_ws/devel/lib/python2.7/dist-packages/gazebo_ros_link_attacher/srv/_Attach.py
