Determining if the pthread_create exist failed with the following output:
Change Dir: /root/catkin_ws/build/px4/CMakeFiles/CMakeTmp

Run Build Command:"/usr/bin/make" "cmTC_4bde9/fast"
/usr/bin/make -f CMakeFiles/cmTC_4bde9.dir/build.make CMakeFiles/cmTC_4bde9.dir/build
make[1]: Entering directory '/root/catkin_ws/build/px4/CMakeFiles/CMakeTmp'
Building C object CMakeFiles/cmTC_4bde9.dir/CheckSymbolExists.c.o
/usr/bin/cc  -DcmTC_4bde9_EXPORTS  -fPIE   -o CMakeFiles/cmTC_4bde9.dir/CheckSymbolExists.c.o   -c /root/catkin_ws/build/px4/CMakeFiles/CMakeTmp/CheckSymbolExists.c
Linking C executable cmTC_4bde9
/usr/bin/cmake -E cmake_link_script CMakeFiles/cmTC_4bde9.dir/link.txt --verbose=1
/usr/bin/cc       -Wl,--export-dynamic CMakeFiles/cmTC_4bde9.dir/CheckSymbolExists.c.o  -o cmTC_4bde9 -rdynamic 
CMakeFiles/cmTC_4bde9.dir/CheckSymbolExists.c.o: In function `main':
CheckSymbolExists.c:(.text+0x1b): undefined reference to `pthread_create'
collect2: error: ld returned 1 exit status
CMakeFiles/cmTC_4bde9.dir/build.make:97: recipe for target 'cmTC_4bde9' failed
make[1]: *** [cmTC_4bde9] Error 1
make[1]: Leaving directory '/root/catkin_ws/build/px4/CMakeFiles/CMakeTmp'
Makefile:126: recipe for target 'cmTC_4bde9/fast' failed
make: *** [cmTC_4bde9/fast] Error 2

File /root/catkin_ws/build/px4/CMakeFiles/CMakeTmp/CheckSymbolExists.c:
/* */
#include <pthread.h>

int main(int argc, char** argv)
{
  (void)argv;
#ifndef pthread_create
  return ((int*)(&pthread_create))[argc];
#else
  (void)argc;
  return 0;
#endif
}

Determining if the function pthread_create exists in the pthreads failed with the following output:
Change Dir: /root/catkin_ws/build/px4/CMakeFiles/CMakeTmp

Run Build Command:"/usr/bin/make" "cmTC_66b9e/fast"
/usr/bin/make -f CMakeFiles/cmTC_66b9e.dir/build.make CMakeFiles/cmTC_66b9e.dir/build
make[1]: Entering directory '/root/catkin_ws/build/px4/CMakeFiles/CMakeTmp'
Building C object CMakeFiles/cmTC_66b9e.dir/CheckFunctionExists.c.o
/usr/bin/cc  -DcmTC_66b9e_EXPORTS  -DCHECK_FUNCTION_EXISTS=pthread_create -fPIE   -o CMakeFiles/cmTC_66b9e.dir/CheckFunctionExists.c.o   -c /usr/share/cmake-3.5/Modules/CheckFunctionExists.c
Linking C executable cmTC_66b9e
/usr/bin/cmake -E cmake_link_script CMakeFiles/cmTC_66b9e.dir/link.txt --verbose=1
/usr/bin/cc   -DCHECK_FUNCTION_EXISTS=pthread_create    -Wl,--export-dynamic CMakeFiles/cmTC_66b9e.dir/CheckFunctionExists.c.o  -o cmTC_66b9e -rdynamic -lpthreads 
/usr/bin/ld: cannot find -lpthreads
collect2: error: ld returned 1 exit status
CMakeFiles/cmTC_66b9e.dir/build.make:97: recipe for target 'cmTC_66b9e' failed
make[1]: *** [cmTC_66b9e] Error 1
make[1]: Leaving directory '/root/catkin_ws/build/px4/CMakeFiles/CMakeTmp'
Makefile:126: recipe for target 'cmTC_66b9e/fast' failed
make: *** [cmTC_66b9e/fast] Error 2


