Determining if the pthread_create exist failed with the following output:
Change Dir: /root/catkin_ws/build/tf2/CMakeFiles/CMakeTmp

Run Build Command:"/usr/bin/make" "cmTC_1aed7/fast"
/usr/bin/make -f CMakeFiles/cmTC_1aed7.dir/build.make CMakeFiles/cmTC_1aed7.dir/build
make[1]: Entering directory '/root/catkin_ws/build/tf2/CMakeFiles/CMakeTmp'
Building C object CMakeFiles/cmTC_1aed7.dir/CheckSymbolExists.c.o
/usr/bin/cc     -o CMakeFiles/cmTC_1aed7.dir/CheckSymbolExists.c.o   -c /root/catkin_ws/build/tf2/CMakeFiles/CMakeTmp/CheckSymbolExists.c
Linking C executable cmTC_1aed7
/usr/bin/cmake -E cmake_link_script CMakeFiles/cmTC_1aed7.dir/link.txt --verbose=1
/usr/bin/cc       CMakeFiles/cmTC_1aed7.dir/CheckSymbolExists.c.o  -o cmTC_1aed7 -rdynamic 
CMakeFiles/cmTC_1aed7.dir/CheckSymbolExists.c.o: In function `main':
CheckSymbolExists.c:(.text+0x16): undefined reference to `pthread_create'
collect2: error: ld returned 1 exit status
CMakeFiles/cmTC_1aed7.dir/build.make:97: recipe for target 'cmTC_1aed7' failed
make[1]: *** [cmTC_1aed7] Error 1
make[1]: Leaving directory '/root/catkin_ws/build/tf2/CMakeFiles/CMakeTmp'
Makefile:126: recipe for target 'cmTC_1aed7/fast' failed
make: *** [cmTC_1aed7/fast] Error 2

File /root/catkin_ws/build/tf2/CMakeFiles/CMakeTmp/CheckSymbolExists.c:
/* */
#include <pthread.h>

int main(int argc, char** argv)
{
  (void)argv;
#ifndef pthread_create
  return ((int*)(&pthread_create))[argc];
#else
  (void)argc;
  return 0;
#endif
}

Determining if the function pthread_create exists in the pthreads failed with the following output:
Change Dir: /root/catkin_ws/build/tf2/CMakeFiles/CMakeTmp

Run Build Command:"/usr/bin/make" "cmTC_916cf/fast"
/usr/bin/make -f CMakeFiles/cmTC_916cf.dir/build.make CMakeFiles/cmTC_916cf.dir/build
make[1]: Entering directory '/root/catkin_ws/build/tf2/CMakeFiles/CMakeTmp'
Building C object CMakeFiles/cmTC_916cf.dir/CheckFunctionExists.c.o
/usr/bin/cc    -DCHECK_FUNCTION_EXISTS=pthread_create   -o CMakeFiles/cmTC_916cf.dir/CheckFunctionExists.c.o   -c /usr/share/cmake-3.5/Modules/CheckFunctionExists.c
Linking C executable cmTC_916cf
/usr/bin/cmake -E cmake_link_script CMakeFiles/cmTC_916cf.dir/link.txt --verbose=1
/usr/bin/cc   -DCHECK_FUNCTION_EXISTS=pthread_create    CMakeFiles/cmTC_916cf.dir/CheckFunctionExists.c.o  -o cmTC_916cf -rdynamic -lpthreads 
/usr/bin/ld: cannot find -lpthreads
collect2: error: ld returned 1 exit status
CMakeFiles/cmTC_916cf.dir/build.make:97: recipe for target 'cmTC_916cf' failed
make[1]: *** [cmTC_916cf] Error 1
make[1]: Leaving directory '/root/catkin_ws/build/tf2/CMakeFiles/CMakeTmp'
Makefile:126: recipe for target 'cmTC_916cf/fast' failed
make: *** [cmTC_916cf/fast] Error 2


