Symlinking /root/catkin_ws/devel/share/common-lisp/ros/tf2_msgs/srv/_package_FrameGraph.lisp
Symlinking /root/catkin_ws/devel/share/common-lisp/ros/tf2_msgs/srv/tf2_msgs-srv.asd
Symlinking /root/catkin_ws/devel/share/common-lisp/ros/tf2_msgs/srv/FrameGraph.lisp
Symlinking /root/catkin_ws/devel/share/common-lisp/ros/tf2_msgs/srv/_package.lisp
Symlinking /root/catkin_ws/devel/share/common-lisp/ros/tf2_msgs/msg/TF2Error.lisp
Symlinking /root/catkin_ws/devel/share/common-lisp/ros/tf2_msgs/msg/TFMessage.lisp
Symlinking /root/catkin_ws/devel/share/common-lisp/ros/tf2_msgs/msg/_package_LookupTransformFeedback.lisp
Symlinking /root/catkin_ws/devel/share/common-lisp/ros/tf2_msgs/msg/LookupTransformAction.lisp
Symlinking /root/catkin_ws/devel/share/common-lisp/ros/tf2_msgs/msg/LookupTransformFeedback.lisp
Symlinking /root/catkin_ws/devel/share/common-lisp/ros/tf2_msgs/msg/_package_LookupTransformGoal.lisp
Symlinking /root/catkin_ws/devel/share/common-lisp/ros/tf2_msgs/msg/_package_LookupTransformAction.lisp
Symlinking /root/catkin_ws/devel/share/common-lisp/ros/tf2_msgs/msg/LookupTransformActionGoal.lisp
Symlinking /root/catkin_ws/devel/share/common-lisp/ros/tf2_msgs/msg/_package_LookupTransformActionResult.lisp
Symlinking /root/catkin_ws/devel/share/common-lisp/ros/tf2_msgs/msg/LookupTransformActionResult.lisp
Symlinking /root/catkin_ws/devel/share/common-lisp/ros/tf2_msgs/msg/tf2_msgs-msg.asd
Symlinking /root/catkin_ws/devel/share/common-lisp/ros/tf2_msgs/msg/LookupTransformActionFeedback.lisp
Symlinking /root/catkin_ws/devel/share/common-lisp/ros/tf2_msgs/msg/_package_TF2Error.lisp
Symlinking /root/catkin_ws/devel/share/common-lisp/ros/tf2_msgs/msg/LookupTransformGoal.lisp
Symlinking /root/catkin_ws/devel/share/common-lisp/ros/tf2_msgs/msg/_package_LookupTransformActionGoal.lisp
Symlinking /root/catkin_ws/devel/share/common-lisp/ros/tf2_msgs/msg/LookupTransformResult.lisp
Symlinking /root/catkin_ws/devel/share/common-lisp/ros/tf2_msgs/msg/_package.lisp
Symlinking /root/catkin_ws/devel/share/common-lisp/ros/tf2_msgs/msg/_package_LookupTransformResult.lisp
Symlinking /root/catkin_ws/devel/share/common-lisp/ros/tf2_msgs/msg/_package_TFMessage.lisp
Symlinking /root/catkin_ws/devel/share/common-lisp/ros/tf2_msgs/msg/_package_LookupTransformActionFeedback.lisp
Symlinking /root/catkin_ws/devel/share/gennodejs/ros/tf2_msgs/_index.js
Symlinking /root/catkin_ws/devel/share/gennodejs/ros/tf2_msgs/srv/FrameGraph.js
Symlinking /root/catkin_ws/devel/share/gennodejs/ros/tf2_msgs/srv/_index.js
Symlinking /root/catkin_ws/devel/share/gennodejs/ros/tf2_msgs/msg/LookupTransformResult.js
Symlinking /root/catkin_ws/devel/share/gennodejs/ros/tf2_msgs/msg/LookupTransformGoal.js
Symlinking /root/catkin_ws/devel/share/gennodejs/ros/tf2_msgs/msg/_index.js
Symlinking /root/catkin_ws/devel/share/gennodejs/ros/tf2_msgs/msg/LookupTransformActionResult.js
Symlinking /root/catkin_ws/devel/share/gennodejs/ros/tf2_msgs/msg/LookupTransformActionFeedback.js
Symlinking /root/catkin_ws/devel/share/gennodejs/ros/tf2_msgs/msg/LookupTransformActionGoal.js
Symlinking /root/catkin_ws/devel/share/gennodejs/ros/tf2_msgs/msg/LookupTransformFeedback.js
Symlinking /root/catkin_ws/devel/share/gennodejs/ros/tf2_msgs/msg/LookupTransformAction.js
Symlinking /root/catkin_ws/devel/share/gennodejs/ros/tf2_msgs/msg/TFMessage.js
Symlinking /root/catkin_ws/devel/share/gennodejs/ros/tf2_msgs/msg/TF2Error.js
Symlinking /root/catkin_ws/devel/share/tf2_msgs/msg/LookupTransformActionResult.msg
Symlinking /root/catkin_ws/devel/share/tf2_msgs/msg/LookupTransformGoal.msg
Symlinking /root/catkin_ws/devel/share/tf2_msgs/msg/LookupTransformAction.msg
Symlinking /root/catkin_ws/devel/share/tf2_msgs/msg/LookupTransformFeedback.msg
Symlinking /root/catkin_ws/devel/share/tf2_msgs/msg/LookupTransformResult.msg
Symlinking /root/catkin_ws/devel/share/tf2_msgs/msg/LookupTransformActionFeedback.msg
Symlinking /root/catkin_ws/devel/share/tf2_msgs/msg/LookupTransformActionGoal.msg
Symlinking /root/catkin_ws/devel/share/tf2_msgs/cmake/tf2_msgs-msg-paths.cmake
Symlinking /root/catkin_ws/devel/share/tf2_msgs/cmake/tf2_msgs-msg-extras.cmake
Symlinking /root/catkin_ws/devel/share/tf2_msgs/cmake/tf2_msgsConfig.cmake
Symlinking /root/catkin_ws/devel/share/tf2_msgs/cmake/tf2_msgsConfig-version.cmake
Symlinking /root/catkin_ws/devel/share/roseus/ros/tf2_msgs/manifest.l
Symlinking /root/catkin_ws/devel/share/roseus/ros/tf2_msgs/srv/FrameGraph.l
Symlinking /root/catkin_ws/devel/share/roseus/ros/tf2_msgs/msg/LookupTransformAction.l
Symlinking /root/catkin_ws/devel/share/roseus/ros/tf2_msgs/msg/LookupTransformResult.l
Symlinking /root/catkin_ws/devel/share/roseus/ros/tf2_msgs/msg/TFMessage.l
Symlinking /root/catkin_ws/devel/share/roseus/ros/tf2_msgs/msg/LookupTransformActionFeedback.l
Symlinking /root/catkin_ws/devel/share/roseus/ros/tf2_msgs/msg/LookupTransformActionGoal.l
Symlinking /root/catkin_ws/devel/share/roseus/ros/tf2_msgs/msg/LookupTransformFeedback.l
Symlinking /root/catkin_ws/devel/share/roseus/ros/tf2_msgs/msg/TF2Error.l
Symlinking /root/catkin_ws/devel/share/roseus/ros/tf2_msgs/msg/LookupTransformGoal.l
Symlinking /root/catkin_ws/devel/share/roseus/ros/tf2_msgs/msg/LookupTransformActionResult.l
Symlinking /root/catkin_ws/devel/include/tf2_msgs/FrameGraph.h
Symlinking /root/catkin_ws/devel/include/tf2_msgs/FrameGraphResponse.h
Symlinking /root/catkin_ws/devel/include/tf2_msgs/TF2Error.h
Symlinking /root/catkin_ws/devel/include/tf2_msgs/LookupTransformActionResult.h
Symlinking /root/catkin_ws/devel/include/tf2_msgs/LookupTransformAction.h
Symlinking /root/catkin_ws/devel/include/tf2_msgs/LookupTransformActionFeedback.h
Symlinking /root/catkin_ws/devel/include/tf2_msgs/FrameGraphRequest.h
Symlinking /root/catkin_ws/devel/include/tf2_msgs/LookupTransformGoal.h
Symlinking /root/catkin_ws/devel/include/tf2_msgs/TFMessage.h
Symlinking /root/catkin_ws/devel/include/tf2_msgs/LookupTransformResult.h
Symlinking /root/catkin_ws/devel/include/tf2_msgs/LookupTransformActionGoal.h
Symlinking /root/catkin_ws/devel/include/tf2_msgs/LookupTransformFeedback.h
Symlinking /root/catkin_ws/devel/lib/pkgconfig/tf2_msgs.pc
Symlinking /root/catkin_ws/devel/lib/python2.7/dist-packages/tf2_msgs/__init__.py
Symlinking /root/catkin_ws/devel/lib/python2.7/dist-packages/tf2_msgs/srv/_FrameGraph.py
Symlinking /root/catkin_ws/devel/lib/python2.7/dist-packages/tf2_msgs/srv/__init__.py
Symlinking /root/catkin_ws/devel/lib/python2.7/dist-packages/tf2_msgs/msg/_TFMessage.py
Symlinking /root/catkin_ws/devel/lib/python2.7/dist-packages/tf2_msgs/msg/_LookupTransformFeedback.py
Symlinking /root/catkin_ws/devel/lib/python2.7/dist-packages/tf2_msgs/msg/__init__.py
Symlinking /root/catkin_ws/devel/lib/python2.7/dist-packages/tf2_msgs/msg/_LookupTransformActionFeedback.py
Symlinking /root/catkin_ws/devel/lib/python2.7/dist-packages/tf2_msgs/msg/_LookupTransformActionGoal.py
Symlinking /root/catkin_ws/devel/lib/python2.7/dist-packages/tf2_msgs/msg/_LookupTransformActionResult.py
Symlinking /root/catkin_ws/devel/lib/python2.7/dist-packages/tf2_msgs/msg/_LookupTransformAction.py
Symlinking /root/catkin_ws/devel/lib/python2.7/dist-packages/tf2_msgs/msg/_TF2Error.py
Symlinking /root/catkin_ws/devel/lib/python2.7/dist-packages/tf2_msgs/msg/_LookupTransformResult.py
Symlinking /root/catkin_ws/devel/lib/python2.7/dist-packages/tf2_msgs/msg/_LookupTransformGoal.py
