Determining if the pthread_create exist failed with the following output:
Change Dir: /root/catkin_ws/build/gazebo_ros_link_attacher/CMakeFiles/CMakeTmp

Run Build Command:"/usr/bin/make" "cmTC_2cb55/fast"
/usr/bin/make -f CMakeFiles/cmTC_2cb55.dir/build.make CMakeFiles/cmTC_2cb55.dir/build
make[1]: Entering directory '/root/catkin_ws/build/gazebo_ros_link_attacher/CMakeFiles/CMakeTmp'
Building C object CMakeFiles/cmTC_2cb55.dir/CheckSymbolExists.c.o
/usr/bin/cc     -o CMakeFiles/cmTC_2cb55.dir/CheckSymbolExists.c.o   -c /root/catkin_ws/build/gazebo_ros_link_attacher/CMakeFiles/CMakeTmp/CheckSymbolExists.c
Linking C executable cmTC_2cb55
/usr/bin/cmake -E cmake_link_script CMakeFiles/cmTC_2cb55.dir/link.txt --verbose=1
/usr/bin/cc       CMakeFiles/cmTC_2cb55.dir/CheckSymbolExists.c.o  -o cmTC_2cb55 -rdynamic 
CMakeFiles/cmTC_2cb55.dir/CheckSymbolExists.c.o: In function `main':
CheckSymbolExists.c:(.text+0x16): undefined reference to `pthread_create'
collect2: error: ld returned 1 exit status
CMakeFiles/cmTC_2cb55.dir/build.make:97: recipe for target 'cmTC_2cb55' failed
make[1]: *** [cmTC_2cb55] Error 1
make[1]: Leaving directory '/root/catkin_ws/build/gazebo_ros_link_attacher/CMakeFiles/CMakeTmp'
Makefile:126: recipe for target 'cmTC_2cb55/fast' failed
make: *** [cmTC_2cb55/fast] Error 2

File /root/catkin_ws/build/gazebo_ros_link_attacher/CMakeFiles/CMakeTmp/CheckSymbolExists.c:
/* */
#include <pthread.h>

int main(int argc, char** argv)
{
  (void)argv;
#ifndef pthread_create
  return ((int*)(&pthread_create))[argc];
#else
  (void)argc;
  return 0;
#endif
}

Determining if the function pthread_create exists in the pthreads failed with the following output:
Change Dir: /root/catkin_ws/build/gazebo_ros_link_attacher/CMakeFiles/CMakeTmp

Run Build Command:"/usr/bin/make" "cmTC_f09a1/fast"
/usr/bin/make -f CMakeFiles/cmTC_f09a1.dir/build.make CMakeFiles/cmTC_f09a1.dir/build
make[1]: Entering directory '/root/catkin_ws/build/gazebo_ros_link_attacher/CMakeFiles/CMakeTmp'
Building C object CMakeFiles/cmTC_f09a1.dir/CheckFunctionExists.c.o
/usr/bin/cc    -DCHECK_FUNCTION_EXISTS=pthread_create   -o CMakeFiles/cmTC_f09a1.dir/CheckFunctionExists.c.o   -c /usr/share/cmake-3.5/Modules/CheckFunctionExists.c
Linking C executable cmTC_f09a1
/usr/bin/cmake -E cmake_link_script CMakeFiles/cmTC_f09a1.dir/link.txt --verbose=1
/usr/bin/cc   -DCHECK_FUNCTION_EXISTS=pthread_create    CMakeFiles/cmTC_f09a1.dir/CheckFunctionExists.c.o  -o cmTC_f09a1 -rdynamic -lpthreads 
/usr/bin/ld: cannot find -lpthreads
collect2: error: ld returned 1 exit status
CMakeFiles/cmTC_f09a1.dir/build.make:97: recipe for target 'cmTC_f09a1' failed
make[1]: *** [cmTC_f09a1] Error 1
make[1]: Leaving directory '/root/catkin_ws/build/gazebo_ros_link_attacher/CMakeFiles/CMakeTmp'
Makefile:126: recipe for target 'cmTC_f09a1/fast' failed
make: *** [cmTC_f09a1/fast] Error 2


