[  0%] Built target tf2_msgs_generate_messages_cpp
[  0%] Built target visualization_msgs_generate_messages_nodejs
[  0%] Built target actionlib_msgs_generate_messages_lisp
[  0%] Built target diagnostic_msgs_generate_messages_cpp
[  0%] Built target sensor_msgs_generate_messages_py
[  0%] Built target actionlib_generate_messages_lisp
[  0%] Built target actionlib_msgs_generate_messages_eus
[  0%] Built target diagnostic_msgs_generate_messages_lisp
[  0%] Built target tf_generate_messages_cpp
[  0%] Built target uuid_msgs_generate_messages_nodejs
[  0%] Built target nav_msgs_generate_messages_py
[  0%] Built target geometry_msgs_generate_messages_cpp
[  0%] Built target geographic_msgs_generate_messages_cpp
[  0%] Built target std_msgs_generate_messages_cpp
[  0%] Built target rosgraph_msgs_generate_messages_cpp
[  0%] Built target rosgraph_msgs_generate_messages_nodejs
[  0%] Built target mavros_msgs_generate_messages_nodejs
[  0%] Built target std_msgs_generate_messages_eus
[  0%] Built target uuid_msgs_generate_messages_cpp
[  0%] Built target uuid_msgs_generate_messages_lisp
[  0%] Built target actionlib_generate_messages_eus
[  0%] Built target tf_generate_messages_eus
[  0%] Built target mavros_msgs_generate_messages_eus
[  0%] Built target visualization_msgs_generate_messages_lisp
[  0%] Built target mavros_msgs_generate_messages_py
[  7%] Built target servo_state_publisher
[  7%] Built target nav_msgs_generate_messages_lisp
[  7%] Built target visualization_msgs_generate_messages_py
[  7%] Built target actionlib_generate_messages_py
[  7%] Built target visualization_msgs_generate_messages_cpp
[  7%] Built target uuid_msgs_generate_messages_eus
[  7%] Built target actionlib_msgs_generate_messages_py
[ 15%] Built target visualization
[ 15%] Built target geometry_msgs_generate_messages_nodejs
[ 15%] Built target roscpp_generate_messages_lisp
[ 15%] Built target diagnostic_msgs_generate_messages_nodejs
[ 15%] Built target sensor_msgs_generate_messages_nodejs
[ 15%] Built target roscpp_generate_messages_eus
[ 15%] Built target nav_msgs_generate_messages_eus
[ 15%] Built target actionlib_generate_messages_cpp
[ 15%] Built target geometry_msgs_generate_messages_lisp
[ 15%] Built target actionlib_msgs_generate_messages_nodejs
[ 15%] Built target nav_msgs_generate_messages_cpp
[ 15%] Built target geometry_msgs_generate_messages_eus
[ 15%] Built target rosgraph_msgs_generate_messages_lisp
[ 15%] Built target sensor_msgs_generate_messages_eus
[ 15%] Built target actionlib_generate_messages_nodejs
[ 15%] Built target rosgraph_msgs_generate_messages_py
[ 15%] Built target roscpp_generate_messages_cpp
[ 15%] Built target sensor_msgs_generate_messages_cpp
[ 15%] Built target sensor_msgs_generate_messages_lisp
[ 15%] Built target roscpp_generate_messages_py
[ 15%] Built target rosgraph_msgs_generate_messages_eus
[ 15%] Built target actionlib_msgs_generate_messages_cpp
[ 15%] Built target tf2_msgs_generate_messages_eus
[ 15%] Built target tf2_msgs_generate_messages_nodejs
[ 15%] Built target tf2_msgs_generate_messages_lisp
[ 15%] Built target tf2_msgs_generate_messages_py
[ 15%] Built target tf_generate_messages_nodejs
[ 15%] Built target geographic_msgs_generate_messages_lisp
[ 15%] Built target diagnostic_msgs_generate_messages_eus
[ 15%] Built target diagnostic_msgs_generate_messages_py
[ 15%] Built target tf_generate_messages_py
[ 15%] Built target geographic_msgs_generate_messages_py
[ 15%] Built target nav_msgs_generate_messages_nodejs
[ 15%] Built target mavros_msgs_generate_messages_lisp
[ 15%] Built target visualization_msgs_generate_messages_eus
[ 15%] Built target mavros_msgs_generate_messages_cpp
[ 15%] Built target geographic_msgs_generate_messages_eus
[ 15%] Built target roscpp_generate_messages_nodejs
[ 15%] Built target std_msgs_generate_messages_py
[ 15%] Built target geometry_msgs_generate_messages_py
[ 15%] Built target geographic_msgs_generate_messages_nodejs
[ 15%] Built target std_msgs_generate_messages_lisp
[ 15%] Built target uuid_msgs_generate_messages_py
[ 15%] Built target std_msgs_generate_messages_nodejs
[ 15%] Built target tf_generate_messages_lisp
[100%] Built target mavros_extras
